2016-08-21 10:20:18,147 [Worker-2] INFO  c.g.t.t.d.PublishedGradleVersions - Gradle version information cache is up-to-date. Trying to read.
2016-08-21 15:20:33,675 [Worker-2] INFO  c.g.t.t.d.PublishedGradleVersions - Gradle version information cache is up-to-date. Trying to read.
2016-08-21 19:51:41,284 [Start Help Server] INFO  org.eclipse.jetty.util.log - Logging initialized @16295217ms
2016-08-21 19:51:41,449 [Start Help Server] INFO  org.eclipse.jetty.server.Server - jetty-9.3.9.v20160517
2016-08-21 19:51:41,507 [Start Help Server] INFO  o.e.j.server.handler.ContextHandler - Started o.e.j.s.ServletContextHandler@3928515{/help,null,AVAILABLE}
2016-08-21 19:51:41,525 [Start Help Server] INFO  o.e.jetty.server.AbstractConnector - Started ServerConnector@5ffa35e2{HTTP/1.1,[http/1.1]}{127.0.0.1:57548}
2016-08-21 19:51:41,526 [Start Help Server] INFO  org.eclipse.jetty.server.Server - Started @16295460ms
2016-08-21 19:52:14,384 [qtp998500052-288] WARN  o.e.jetty.servlet.ServletHandler - 
org.apache.jasper.JasperException: org.eclipse.jetty.io.RuntimeIOException: org.eclipse.jetty.io.EofException
	at org.apache.jasper.servlet.JspServletWrapper.service(JspServletWrapper.java:432) ~[na:na]
	at org.apache.jasper.servlet.JspServlet.serviceJspFile(JspServlet.java:492) ~[na:na]
	at org.apache.jasper.servlet.JspServlet.service(JspServlet.java:378) ~[na:na]
	at javax.servlet.http.HttpServlet.service(HttpServlet.java:790) ~[javax.servlet_3.1.0.v201410161800.jar:3.1.0]
	at org.eclipse.equinox.jsp.jasper.JspServlet.service(JspServlet.java:155) ~[na:na]
	at javax.servlet.http.HttpServlet.service(HttpServlet.java:790) ~[javax.servlet_3.1.0.v201410161800.jar:3.1.0]
	at org.eclipse.equinox.http.registry.internal.ServletManager$ServletWrapper.service(ServletManager.java:180) ~[na:na]
	at org.eclipse.equinox.http.servlet.internal.HttpServiceRuntimeImpl$LegacyServlet.service(HttpServiceRuntimeImpl.java:1221) ~[na:na]
	at org.eclipse.equinox.http.servlet.internal.registration.EndpointRegistration.service(EndpointRegistration.java:153) ~[na:na]
	at org.eclipse.equinox.http.servlet.internal.servlet.ResponseStateHandler.processRequest(ResponseStateHandler.java:62) ~[na:na]
	at org.eclipse.equinox.http.servlet.internal.context.DispatchTargets.doDispatch(DispatchTargets.java:132) ~[na:na]
	at org.eclipse.equinox.http.servlet.internal.servlet.ProxyServlet.service(ProxyServlet.java:100) ~[na:na]
	at javax.servlet.http.HttpServlet.service(HttpServlet.java:790) ~[javax.servlet_3.1.0.v201410161800.jar:3.1.0]
	at org.eclipse.equinox.http.jetty.internal.HttpServerManager$InternalHttpServiceServlet.service(HttpServerManager.java:310) ~[org.eclipse.equinox.http.jetty_3.3.0.v20160324-1850.jar:na]
	at org.eclipse.jetty.servlet.ServletHolder.handle(ServletHolder.java:845) ~[org.eclipse.jetty.servlet_9.3.9.v20160517.jar:9.3.9.v20160517]
	at org.eclipse.jetty.servlet.ServletHandler.doHandle(ServletHandler.java:583) [org.eclipse.jetty.servlet_9.3.9.v20160517.jar:9.3.9.v20160517]
	at org.eclipse.jetty.server.session.SessionHandler.doHandle(SessionHandler.java:224) [org.eclipse.jetty.server_9.3.9.v20160517.jar:9.3.9.v20160517]
	at org.eclipse.jetty.server.handler.ContextHandler.doHandle(ContextHandler.java:1174) [org.eclipse.jetty.server_9.3.9.v20160517.jar:9.3.9.v20160517]
	at org.eclipse.jetty.servlet.ServletHandler.doScope(ServletHandler.java:511) [org.eclipse.jetty.servlet_9.3.9.v20160517.jar:9.3.9.v20160517]
	at org.eclipse.jetty.server.session.SessionHandler.doScope(SessionHandler.java:185) [org.eclipse.jetty.server_9.3.9.v20160517.jar:9.3.9.v20160517]
	at org.eclipse.jetty.server.handler.ContextHandler.doScope(ContextHandler.java:1106) [org.eclipse.jetty.server_9.3.9.v20160517.jar:9.3.9.v20160517]
	at org.eclipse.jetty.server.handler.ScopedHandler.handle(ScopedHandler.java:141) [org.eclipse.jetty.server_9.3.9.v20160517.jar:9.3.9.v20160517]
	at org.eclipse.jetty.server.handler.HandlerWrapper.handle(HandlerWrapper.java:134) [org.eclipse.jetty.server_9.3.9.v20160517.jar:9.3.9.v20160517]
	at org.eclipse.jetty.server.Server.handle(Server.java:524) [org.eclipse.jetty.server_9.3.9.v20160517.jar:9.3.9.v20160517]
	at org.eclipse.jetty.server.HttpChannel.handle(HttpChannel.java:319) [org.eclipse.jetty.server_9.3.9.v20160517.jar:9.3.9.v20160517]
	at org.eclipse.jetty.server.HttpConnection.onFillable(HttpConnection.java:253) [org.eclipse.jetty.server_9.3.9.v20160517.jar:9.3.9.v20160517]
	at org.eclipse.jetty.io.AbstractConnection$ReadCallback.succeeded(AbstractConnection.java:273) [org.eclipse.jetty.io_9.3.9.v20160517.jar:9.3.9.v20160517]
	at org.eclipse.jetty.io.FillInterest.fillable(FillInterest.java:95) [org.eclipse.jetty.io_9.3.9.v20160517.jar:9.3.9.v20160517]
	at org.eclipse.jetty.io.SelectChannelEndPoint$2.run(SelectChannelEndPoint.java:93) [org.eclipse.jetty.io_9.3.9.v20160517.jar:9.3.9.v20160517]
	at org.eclipse.jetty.util.thread.strategy.ExecuteProduceConsume.executeProduceConsume(ExecuteProduceConsume.java:303) [org.eclipse.jetty.util_9.3.9.v20160517.jar:9.3.9.v20160517]
	at org.eclipse.jetty.util.thread.strategy.ExecuteProduceConsume.produceConsume(ExecuteProduceConsume.java:148) [org.eclipse.jetty.util_9.3.9.v20160517.jar:9.3.9.v20160517]
	at org.eclipse.jetty.util.thread.strategy.ExecuteProduceConsume.run(ExecuteProduceConsume.java:136) [org.eclipse.jetty.util_9.3.9.v20160517.jar:9.3.9.v20160517]
	at org.eclipse.jetty.util.thread.QueuedThreadPool.runJob(QueuedThreadPool.java:671) [org.eclipse.jetty.util_9.3.9.v20160517.jar:9.3.9.v20160517]
	at org.eclipse.jetty.util.thread.QueuedThreadPool$2.run(QueuedThreadPool.java:589) [org.eclipse.jetty.util_9.3.9.v20160517.jar:9.3.9.v20160517]
	at java.lang.Thread.run(Thread.java:745) [na:1.8.0_91]
Caused by: org.eclipse.jetty.io.RuntimeIOException: org.eclipse.jetty.io.EofException
	at org.eclipse.jetty.server.ResponseWriter.isOpen(ResponseWriter.java:133) ~[org.eclipse.jetty.server_9.3.9.v20160517.jar:9.3.9.v20160517]
	at org.eclipse.jetty.server.ResponseWriter.write(ResponseWriter.java:202) ~[org.eclipse.jetty.server_9.3.9.v20160517.jar:9.3.9.v20160517]
	at java.io.PrintWriter.write(PrintWriter.java:426) ~[na:1.8.0_91]
	at org.eclipse.equinox.http.servlet.internal.servlet.HttpServletResponseWrapperImpl$InternalWriter.write(HttpServletResponseWrapperImpl.java:176) ~[na:na]
	at org.apache.jasper.runtime.JspWriterImpl.flushBuffer(JspWriterImpl.java:185) ~[na:na]
	at org.apache.jasper.runtime.JspWriterImpl.write(JspWriterImpl.java:458) ~[na:na]
	at org.apache.jasper.runtime.JspWriterImpl.write(JspWriterImpl.java:471) ~[na:na]
	at org.apache.jsp.advanced.searchView_jsp._jspService(org.apache.jsp.advanced.searchView_jsp:453) ~[na:na]
	at org.apache.jasper.runtime.HttpJspBase.service(HttpJspBase.java:111) ~[na:na]
	at javax.servlet.http.HttpServlet.service(HttpServlet.java:790) ~[javax.servlet_3.1.0.v201410161800.jar:3.1.0]
	at org.apache.jasper.servlet.JspServletWrapper.service(JspServletWrapper.java:403) ~[na:na]
	... 34 common frames omitted
Caused by: org.eclipse.jetty.io.EofException: null
	at org.eclipse.jetty.io.ChannelEndPoint.flush(ChannelEndPoint.java:197) ~[org.eclipse.jetty.io_9.3.9.v20160517.jar:9.3.9.v20160517]
	at org.eclipse.jetty.io.WriteFlusher.flush(WriteFlusher.java:419) ~[org.eclipse.jetty.io_9.3.9.v20160517.jar:9.3.9.v20160517]
	at org.eclipse.jetty.io.WriteFlusher.write(WriteFlusher.java:313) ~[org.eclipse.jetty.io_9.3.9.v20160517.jar:9.3.9.v20160517]
	at org.eclipse.jetty.io.AbstractEndPoint.write(AbstractEndPoint.java:141) ~[org.eclipse.jetty.io_9.3.9.v20160517.jar:9.3.9.v20160517]
	at org.eclipse.jetty.server.HttpConnection$SendCallback.process(HttpConnection.java:733) ~[org.eclipse.jetty.server_9.3.9.v20160517.jar:9.3.9.v20160517]
	at org.eclipse.jetty.util.IteratingCallback.processing(IteratingCallback.java:241) ~[org.eclipse.jetty.util_9.3.9.v20160517.jar:9.3.9.v20160517]
	at org.eclipse.jetty.util.IteratingCallback.iterate(IteratingCallback.java:224) ~[org.eclipse.jetty.util_9.3.9.v20160517.jar:9.3.9.v20160517]
	at org.eclipse.jetty.server.HttpConnection.send(HttpConnection.java:521) [org.eclipse.jetty.server_9.3.9.v20160517.jar:9.3.9.v20160517]
	at org.eclipse.jetty.server.HttpChannel.sendResponse(HttpChannel.java:692) [org.eclipse.jetty.server_9.3.9.v20160517.jar:9.3.9.v20160517]
	at org.eclipse.jetty.server.HttpChannel.write(HttpChannel.java:746) [org.eclipse.jetty.server_9.3.9.v20160517.jar:9.3.9.v20160517]
	at org.eclipse.jetty.server.HttpOutput.write(HttpOutput.java:179) ~[org.eclipse.jetty.server_9.3.9.v20160517.jar:9.3.9.v20160517]
	at org.eclipse.jetty.server.HttpOutput.write(HttpOutput.java:163) ~[org.eclipse.jetty.server_9.3.9.v20160517.jar:9.3.9.v20160517]
	at org.eclipse.jetty.server.HttpOutput.write(HttpOutput.java:415) ~[org.eclipse.jetty.server_9.3.9.v20160517.jar:9.3.9.v20160517]
	at java.io.ByteArrayOutputStream.writeTo(ByteArrayOutputStream.java:167) ~[na:1.8.0_91]
	at org.eclipse.jetty.server.Utf8HttpWriter.write(Utf8HttpWriter.java:183) ~[org.eclipse.jetty.server_9.3.9.v20160517.jar:9.3.9.v20160517]
	at org.eclipse.jetty.server.ResponseWriter.write(ResponseWriter.java:203) ~[org.eclipse.jetty.server_9.3.9.v20160517.jar:9.3.9.v20160517]
	at java.io.PrintWriter.write(PrintWriter.java:426) ~[na:1.8.0_91]
	at org.eclipse.equinox.http.servlet.internal.servlet.HttpServletResponseWrapperImpl$InternalWriter.write(HttpServletResponseWrapperImpl.java:176) ~[na:na]
	at org.apache.jasper.runtime.JspWriterImpl.flushBuffer(JspWriterImpl.java:185) ~[na:na]
	at org.apache.jasper.runtime.JspWriterImpl.write(JspWriterImpl.java:458) ~[na:na]
	at org.apache.jasper.runtime.JspWriterImpl.write(JspWriterImpl.java:471) ~[na:na]
	at org.apache.jasper.runtime.JspWriterImpl.print(JspWriterImpl.java:596) ~[na:na]
	at org.apache.jsp.advanced.searchView_jsp._jspService(org.apache.jsp.advanced.searchView_jsp:477) ~[na:na]
	... 37 common frames omitted
Caused by: java.io.IOException: An existing connection was forcibly closed by the remote host
	at sun.nio.ch.SocketDispatcher.writev0(Native Method) ~[na:1.8.0_91]
	at sun.nio.ch.SocketDispatcher.writev(SocketDispatcher.java:55) ~[na:1.8.0_91]
	at sun.nio.ch.IOUtil.write(IOUtil.java:148) ~[na:1.8.0_91]
	at sun.nio.ch.SocketChannelImpl.write(SocketChannelImpl.java:504) ~[na:1.8.0_91]
	at org.eclipse.jetty.io.ChannelEndPoint.flush(ChannelEndPoint.java:177) ~[org.eclipse.jetty.io_9.3.9.v20160517.jar:9.3.9.v20160517]
	... 59 common frames omitted
2016-08-21 19:52:14,385 [qtp998500052-289] WARN  o.e.jetty.servlet.ServletHandler - 
org.apache.jasper.JasperException: org.eclipse.jetty.io.RuntimeIOException: org.eclipse.jetty.io.EofException
	at org.apache.jasper.servlet.JspServletWrapper.service(JspServletWrapper.java:432) ~[na:na]
	at org.apache.jasper.servlet.JspServlet.serviceJspFile(JspServlet.java:492) ~[na:na]
	at org.apache.jasper.servlet.JspServlet.service(JspServlet.java:378) ~[na:na]
	at javax.servlet.http.HttpServlet.service(HttpServlet.java:790) ~[javax.servlet_3.1.0.v201410161800.jar:3.1.0]
	at org.eclipse.equinox.jsp.jasper.JspServlet.service(JspServlet.java:155) ~[na:na]
	at javax.servlet.http.HttpServlet.service(HttpServlet.java:790) ~[javax.servlet_3.1.0.v201410161800.jar:3.1.0]
	at org.eclipse.equinox.http.registry.internal.ServletManager$ServletWrapper.service(ServletManager.java:180) ~[na:na]
	at org.eclipse.equinox.http.servlet.internal.HttpServiceRuntimeImpl$LegacyServlet.service(HttpServiceRuntimeImpl.java:1221) ~[na:na]
	at org.eclipse.equinox.http.servlet.internal.registration.EndpointRegistration.service(EndpointRegistration.java:153) ~[na:na]
	at org.eclipse.equinox.http.servlet.internal.servlet.ResponseStateHandler.processRequest(ResponseStateHandler.java:62) ~[na:na]
	at org.eclipse.equinox.http.servlet.internal.context.DispatchTargets.doDispatch(DispatchTargets.java:132) ~[na:na]
	at org.eclipse.equinox.http.servlet.internal.servlet.ProxyServlet.service(ProxyServlet.java:100) ~[na:na]
	at javax.servlet.http.HttpServlet.service(HttpServlet.java:790) ~[javax.servlet_3.1.0.v201410161800.jar:3.1.0]
	at org.eclipse.equinox.http.jetty.internal.HttpServerManager$InternalHttpServiceServlet.service(HttpServerManager.java:310) ~[org.eclipse.equinox.http.jetty_3.3.0.v20160324-1850.jar:na]
	at org.eclipse.jetty.servlet.ServletHolder.handle(ServletHolder.java:845) ~[org.eclipse.jetty.servlet_9.3.9.v20160517.jar:9.3.9.v20160517]
	at org.eclipse.jetty.servlet.ServletHandler.doHandle(ServletHandler.java:583) [org.eclipse.jetty.servlet_9.3.9.v20160517.jar:9.3.9.v20160517]
	at org.eclipse.jetty.server.session.SessionHandler.doHandle(SessionHandler.java:224) [org.eclipse.jetty.server_9.3.9.v20160517.jar:9.3.9.v20160517]
	at org.eclipse.jetty.server.handler.ContextHandler.doHandle(ContextHandler.java:1174) [org.eclipse.jetty.server_9.3.9.v20160517.jar:9.3.9.v20160517]
	at org.eclipse.jetty.servlet.ServletHandler.doScope(ServletHandler.java:511) [org.eclipse.jetty.servlet_9.3.9.v20160517.jar:9.3.9.v20160517]
	at org.eclipse.jetty.server.session.SessionHandler.doScope(SessionHandler.java:185) [org.eclipse.jetty.server_9.3.9.v20160517.jar:9.3.9.v20160517]
	at org.eclipse.jetty.server.handler.ContextHandler.doScope(ContextHandler.java:1106) [org.eclipse.jetty.server_9.3.9.v20160517.jar:9.3.9.v20160517]
	at org.eclipse.jetty.server.handler.ScopedHandler.handle(ScopedHandler.java:141) [org.eclipse.jetty.server_9.3.9.v20160517.jar:9.3.9.v20160517]
	at org.eclipse.jetty.server.handler.HandlerWrapper.handle(HandlerWrapper.java:134) [org.eclipse.jetty.server_9.3.9.v20160517.jar:9.3.9.v20160517]
	at org.eclipse.jetty.server.Server.handle(Server.java:524) [org.eclipse.jetty.server_9.3.9.v20160517.jar:9.3.9.v20160517]
	at org.eclipse.jetty.server.HttpChannel.handle(HttpChannel.java:319) [org.eclipse.jetty.server_9.3.9.v20160517.jar:9.3.9.v20160517]
	at org.eclipse.jetty.server.HttpConnection.onFillable(HttpConnection.java:253) [org.eclipse.jetty.server_9.3.9.v20160517.jar:9.3.9.v20160517]
	at org.eclipse.jetty.io.AbstractConnection$ReadCallback.succeeded(AbstractConnection.java:273) [org.eclipse.jetty.io_9.3.9.v20160517.jar:9.3.9.v20160517]
	at org.eclipse.jetty.io.FillInterest.fillable(FillInterest.java:95) [org.eclipse.jetty.io_9.3.9.v20160517.jar:9.3.9.v20160517]
	at org.eclipse.jetty.io.SelectChannelEndPoint$2.run(SelectChannelEndPoint.java:93) [org.eclipse.jetty.io_9.3.9.v20160517.jar:9.3.9.v20160517]
	at org.eclipse.jetty.util.thread.strategy.ExecuteProduceConsume.executeProduceConsume(ExecuteProduceConsume.java:303) [org.eclipse.jetty.util_9.3.9.v20160517.jar:9.3.9.v20160517]
	at org.eclipse.jetty.util.thread.strategy.ExecuteProduceConsume.produceConsume(ExecuteProduceConsume.java:148) [org.eclipse.jetty.util_9.3.9.v20160517.jar:9.3.9.v20160517]
	at org.eclipse.jetty.util.thread.strategy.ExecuteProduceConsume.run(ExecuteProduceConsume.java:136) [org.eclipse.jetty.util_9.3.9.v20160517.jar:9.3.9.v20160517]
	at org.eclipse.jetty.util.thread.QueuedThreadPool.runJob(QueuedThreadPool.java:671) [org.eclipse.jetty.util_9.3.9.v20160517.jar:9.3.9.v20160517]
	at org.eclipse.jetty.util.thread.QueuedThreadPool$2.run(QueuedThreadPool.java:589) [org.eclipse.jetty.util_9.3.9.v20160517.jar:9.3.9.v20160517]
	at java.lang.Thread.run(Thread.java:745) [na:1.8.0_91]
Caused by: org.eclipse.jetty.io.RuntimeIOException: org.eclipse.jetty.io.EofException
	at org.eclipse.jetty.server.ResponseWriter.isOpen(ResponseWriter.java:133) ~[org.eclipse.jetty.server_9.3.9.v20160517.jar:9.3.9.v20160517]
	at org.eclipse.jetty.server.ResponseWriter.write(ResponseWriter.java:202) ~[org.eclipse.jetty.server_9.3.9.v20160517.jar:9.3.9.v20160517]
	at java.io.PrintWriter.write(PrintWriter.java:426) ~[na:1.8.0_91]
	at org.eclipse.equinox.http.servlet.internal.servlet.HttpServletResponseWrapperImpl$InternalWriter.write(HttpServletResponseWrapperImpl.java:176) ~[na:na]
	at org.apache.jasper.runtime.JspWriterImpl.flushBuffer(JspWriterImpl.java:185) ~[na:na]
	at org.apache.jasper.runtime.JspWriterImpl.write(JspWriterImpl.java:458) ~[na:na]
	at org.apache.jasper.runtime.JspWriterImpl.write(JspWriterImpl.java:471) ~[na:na]
	at org.apache.jsp.advanced.searchView_jsp._jspService(org.apache.jsp.advanced.searchView_jsp:453) ~[na:na]
	at org.apache.jasper.runtime.HttpJspBase.service(HttpJspBase.java:111) ~[na:na]
	at javax.servlet.http.HttpServlet.service(HttpServlet.java:790) ~[javax.servlet_3.1.0.v201410161800.jar:3.1.0]
	at org.apache.jasper.servlet.JspServletWrapper.service(JspServletWrapper.java:403) ~[na:na]
	... 34 common frames omitted
Caused by: org.eclipse.jetty.io.EofException: null
	at org.eclipse.jetty.io.ChannelEndPoint.flush(ChannelEndPoint.java:197) ~[org.eclipse.jetty.io_9.3.9.v20160517.jar:9.3.9.v20160517]
	at org.eclipse.jetty.io.WriteFlusher.flush(WriteFlusher.java:419) ~[org.eclipse.jetty.io_9.3.9.v20160517.jar:9.3.9.v20160517]
	at org.eclipse.jetty.io.WriteFlusher.write(WriteFlusher.java:313) ~[org.eclipse.jetty.io_9.3.9.v20160517.jar:9.3.9.v20160517]
	at org.eclipse.jetty.io.AbstractEndPoint.write(AbstractEndPoint.java:141) ~[org.eclipse.jetty.io_9.3.9.v20160517.jar:9.3.9.v20160517]
	at org.eclipse.jetty.server.HttpConnection$SendCallback.process(HttpConnection.java:733) ~[org.eclipse.jetty.server_9.3.9.v20160517.jar:9.3.9.v20160517]
	at org.eclipse.jetty.util.IteratingCallback.processing(IteratingCallback.java:241) ~[org.eclipse.jetty.util_9.3.9.v20160517.jar:9.3.9.v20160517]
	at org.eclipse.jetty.util.IteratingCallback.iterate(IteratingCallback.java:224) ~[org.eclipse.jetty.util_9.3.9.v20160517.jar:9.3.9.v20160517]
	at org.eclipse.jetty.server.HttpConnection.send(HttpConnection.java:521) [org.eclipse.jetty.server_9.3.9.v20160517.jar:9.3.9.v20160517]
	at org.eclipse.jetty.server.HttpChannel.sendResponse(HttpChannel.java:692) [org.eclipse.jetty.server_9.3.9.v20160517.jar:9.3.9.v20160517]
	at org.eclipse.jetty.server.HttpChannel.write(HttpChannel.java:746) [org.eclipse.jetty.server_9.3.9.v20160517.jar:9.3.9.v20160517]
	at org.eclipse.jetty.server.HttpOutput.write(HttpOutput.java:179) ~[org.eclipse.jetty.server_9.3.9.v20160517.jar:9.3.9.v20160517]
	at org.eclipse.jetty.server.HttpOutput.write(HttpOutput.java:163) ~[org.eclipse.jetty.server_9.3.9.v20160517.jar:9.3.9.v20160517]
	at org.eclipse.jetty.server.HttpOutput.write(HttpOutput.java:415) ~[org.eclipse.jetty.server_9.3.9.v20160517.jar:9.3.9.v20160517]
	at java.io.ByteArrayOutputStream.writeTo(ByteArrayOutputStream.java:167) ~[na:1.8.0_91]
	at org.eclipse.jetty.server.Utf8HttpWriter.write(Utf8HttpWriter.java:183) ~[org.eclipse.jetty.server_9.3.9.v20160517.jar:9.3.9.v20160517]
	at org.eclipse.jetty.server.ResponseWriter.write(ResponseWriter.java:203) ~[org.eclipse.jetty.server_9.3.9.v20160517.jar:9.3.9.v20160517]
	at java.io.PrintWriter.write(PrintWriter.java:426) ~[na:1.8.0_91]
	at org.eclipse.equinox.http.servlet.internal.servlet.HttpServletResponseWrapperImpl$InternalWriter.write(HttpServletResponseWrapperImpl.java:176) ~[na:na]
	at org.apache.jasper.runtime.JspWriterImpl.flushBuffer(JspWriterImpl.java:185) ~[na:na]
	at org.apache.jasper.runtime.JspWriterImpl.write(JspWriterImpl.java:458) ~[na:na]
	at org.apache.jasper.runtime.JspWriterImpl.write(JspWriterImpl.java:471) ~[na:na]
	at org.apache.jasper.runtime.JspWriterImpl.print(JspWriterImpl.java:596) ~[na:na]
	at org.apache.jsp.advanced.searchView_jsp._jspService(org.apache.jsp.advanced.searchView_jsp:477) ~[na:na]
	... 37 common frames omitted
Caused by: java.io.IOException: An existing connection was forcibly closed by the remote host
	at sun.nio.ch.SocketDispatcher.writev0(Native Method) ~[na:1.8.0_91]
	at sun.nio.ch.SocketDispatcher.writev(SocketDispatcher.java:55) ~[na:1.8.0_91]
	at sun.nio.ch.IOUtil.write(IOUtil.java:148) ~[na:1.8.0_91]
	at sun.nio.ch.SocketChannelImpl.write(SocketChannelImpl.java:504) ~[na:1.8.0_91]
	at org.eclipse.jetty.io.ChannelEndPoint.flush(ChannelEndPoint.java:177) ~[org.eclipse.jetty.io_9.3.9.v20160517.jar:9.3.9.v20160517]
	... 59 common frames omitted
2016-08-21 19:52:14,411 [qtp998500052-288] WARN  o.eclipse.jetty.server.HttpChannel - //127.0.0.1:57548/help/advanced/searchView.jsp?searchWord=shortcuts&maxHits=500
org.apache.jasper.JasperException: org.eclipse.jetty.io.RuntimeIOException: org.eclipse.jetty.io.EofException
	at org.apache.jasper.servlet.JspServletWrapper.service(JspServletWrapper.java:432) ~[na:na]
	at org.apache.jasper.servlet.JspServlet.serviceJspFile(JspServlet.java:492) ~[na:na]
	at org.apache.jasper.servlet.JspServlet.service(JspServlet.java:378) ~[na:na]
	at javax.servlet.http.HttpServlet.service(HttpServlet.java:790) ~[javax.servlet_3.1.0.v201410161800.jar:3.1.0]
	at org.eclipse.equinox.jsp.jasper.JspServlet.service(JspServlet.java:155) ~[na:na]
	at javax.servlet.http.HttpServlet.service(HttpServlet.java:790) ~[javax.servlet_3.1.0.v201410161800.jar:3.1.0]
	at org.eclipse.equinox.http.registry.internal.ServletManager$ServletWrapper.service(ServletManager.java:180) ~[na:na]
	at org.eclipse.equinox.http.servlet.internal.HttpServiceRuntimeImpl$LegacyServlet.service(HttpServiceRuntimeImpl.java:1221) ~[na:na]
	at org.eclipse.equinox.http.servlet.internal.registration.EndpointRegistration.service(EndpointRegistration.java:153) ~[na:na]
	at org.eclipse.equinox.http.servlet.internal.servlet.ResponseStateHandler.processRequest(ResponseStateHandler.java:62) ~[na:na]
	at org.eclipse.equinox.http.servlet.internal.context.DispatchTargets.doDispatch(DispatchTargets.java:132) ~[na:na]
	at org.eclipse.equinox.http.servlet.internal.servlet.ProxyServlet.service(ProxyServlet.java:100) ~[na:na]
	at javax.servlet.http.HttpServlet.service(HttpServlet.java:790) ~[javax.servlet_3.1.0.v201410161800.jar:3.1.0]
	at org.eclipse.equinox.http.jetty.internal.HttpServerManager$InternalHttpServiceServlet.service(HttpServerManager.java:310) ~[na:na]
	at org.eclipse.jetty.servlet.ServletHolder.handle(ServletHolder.java:845) ~[na:na]
	at org.eclipse.jetty.servlet.ServletHandler.doHandle(ServletHandler.java:583) ~[na:na]
	at org.eclipse.jetty.server.session.SessionHandler.doHandle(SessionHandler.java:224) ~[org.eclipse.jetty.server_9.3.9.v20160517.jar:9.3.9.v20160517]
	at org.eclipse.jetty.server.handler.ContextHandler.doHandle(ContextHandler.java:1174) ~[org.eclipse.jetty.server_9.3.9.v20160517.jar:9.3.9.v20160517]
	at org.eclipse.jetty.servlet.ServletHandler.doScope(ServletHandler.java:511) ~[na:na]
	at org.eclipse.jetty.server.session.SessionHandler.doScope(SessionHandler.java:185) ~[org.eclipse.jetty.server_9.3.9.v20160517.jar:9.3.9.v20160517]
	at org.eclipse.jetty.server.handler.ContextHandler.doScope(ContextHandler.java:1106) ~[org.eclipse.jetty.server_9.3.9.v20160517.jar:9.3.9.v20160517]
	at org.eclipse.jetty.server.handler.ScopedHandler.handle(ScopedHandler.java:141) ~[org.eclipse.jetty.server_9.3.9.v20160517.jar:9.3.9.v20160517]
	at org.eclipse.jetty.server.handler.HandlerWrapper.handle(HandlerWrapper.java:134) ~[org.eclipse.jetty.server_9.3.9.v20160517.jar:9.3.9.v20160517]
	at org.eclipse.jetty.server.Server.handle(Server.java:524) ~[org.eclipse.jetty.server_9.3.9.v20160517.jar:9.3.9.v20160517]
	at org.eclipse.jetty.server.HttpChannel.handle(HttpChannel.java:319) ~[org.eclipse.jetty.server_9.3.9.v20160517.jar:9.3.9.v20160517]
	at org.eclipse.jetty.server.HttpConnection.onFillable(HttpConnection.java:253) [org.eclipse.jetty.server_9.3.9.v20160517.jar:9.3.9.v20160517]
	at org.eclipse.jetty.io.AbstractConnection$ReadCallback.succeeded(AbstractConnection.java:273) [org.eclipse.jetty.io_9.3.9.v20160517.jar:9.3.9.v20160517]
	at org.eclipse.jetty.io.FillInterest.fillable(FillInterest.java:95) [org.eclipse.jetty.io_9.3.9.v20160517.jar:9.3.9.v20160517]
	at org.eclipse.jetty.io.SelectChannelEndPoint$2.run(SelectChannelEndPoint.java:93) [org.eclipse.jetty.io_9.3.9.v20160517.jar:9.3.9.v20160517]
	at org.eclipse.jetty.util.thread.strategy.ExecuteProduceConsume.executeProduceConsume(ExecuteProduceConsume.java:303) [org.eclipse.jetty.util_9.3.9.v20160517.jar:9.3.9.v20160517]
	at org.eclipse.jetty.util.thread.strategy.ExecuteProduceConsume.produceConsume(ExecuteProduceConsume.java:148) [org.eclipse.jetty.util_9.3.9.v20160517.jar:9.3.9.v20160517]
	at org.eclipse.jetty.util.thread.strategy.ExecuteProduceConsume.run(ExecuteProduceConsume.java:136) [org.eclipse.jetty.util_9.3.9.v20160517.jar:9.3.9.v20160517]
	at org.eclipse.jetty.util.thread.QueuedThreadPool.runJob(QueuedThreadPool.java:671) [org.eclipse.jetty.util_9.3.9.v20160517.jar:9.3.9.v20160517]
	at org.eclipse.jetty.util.thread.QueuedThreadPool$2.run(QueuedThreadPool.java:589) [org.eclipse.jetty.util_9.3.9.v20160517.jar:9.3.9.v20160517]
	at java.lang.Thread.run(Thread.java:745) [na:1.8.0_91]
Caused by: org.eclipse.jetty.io.RuntimeIOException: org.eclipse.jetty.io.EofException
	at org.eclipse.jetty.server.ResponseWriter.isOpen(ResponseWriter.java:133) ~[org.eclipse.jetty.server_9.3.9.v20160517.jar:9.3.9.v20160517]
	at org.eclipse.jetty.server.ResponseWriter.write(ResponseWriter.java:202) ~[org.eclipse.jetty.server_9.3.9.v20160517.jar:9.3.9.v20160517]
	at java.io.PrintWriter.write(PrintWriter.java:426) ~[na:1.8.0_91]
	at org.eclipse.equinox.http.servlet.internal.servlet.HttpServletResponseWrapperImpl$InternalWriter.write(HttpServletResponseWrapperImpl.java:176) ~[na:na]
	at org.apache.jasper.runtime.JspWriterImpl.flushBuffer(JspWriterImpl.java:185) ~[na:na]
	at org.apache.jasper.runtime.JspWriterImpl.write(JspWriterImpl.java:458) ~[na:na]
	at org.apache.jasper.runtime.JspWriterImpl.write(JspWriterImpl.java:471) ~[na:na]
	at org.apache.jsp.advanced.searchView_jsp._jspService(org.apache.jsp.advanced.searchView_jsp:453) ~[na:na]
	at org.apache.jasper.runtime.HttpJspBase.service(HttpJspBase.java:111) ~[na:na]
	at javax.servlet.http.HttpServlet.service(HttpServlet.java:790) ~[javax.servlet_3.1.0.v201410161800.jar:3.1.0]
	at org.apache.jasper.servlet.JspServletWrapper.service(JspServletWrapper.java:403) ~[na:na]
	... 34 common frames omitted
Caused by: org.eclipse.jetty.io.EofException: null
	at org.eclipse.jetty.io.ChannelEndPoint.flush(ChannelEndPoint.java:197) ~[org.eclipse.jetty.io_9.3.9.v20160517.jar:9.3.9.v20160517]
	at org.eclipse.jetty.io.WriteFlusher.flush(WriteFlusher.java:419) ~[org.eclipse.jetty.io_9.3.9.v20160517.jar:9.3.9.v20160517]
	at org.eclipse.jetty.io.WriteFlusher.write(WriteFlusher.java:313) ~[org.eclipse.jetty.io_9.3.9.v20160517.jar:9.3.9.v20160517]
	at org.eclipse.jetty.io.AbstractEndPoint.write(AbstractEndPoint.java:141) ~[org.eclipse.jetty.io_9.3.9.v20160517.jar:9.3.9.v20160517]
	at org.eclipse.jetty.server.HttpConnection$SendCallback.process(HttpConnection.java:733) ~[org.eclipse.jetty.server_9.3.9.v20160517.jar:9.3.9.v20160517]
	at org.eclipse.jetty.util.IteratingCallback.processing(IteratingCallback.java:241) ~[org.eclipse.jetty.util_9.3.9.v20160517.jar:9.3.9.v20160517]
	at org.eclipse.jetty.util.IteratingCallback.iterate(IteratingCallback.java:224) ~[org.eclipse.jetty.util_9.3.9.v20160517.jar:9.3.9.v20160517]
	at org.eclipse.jetty.server.HttpConnection.send(HttpConnection.java:521) [org.eclipse.jetty.server_9.3.9.v20160517.jar:9.3.9.v20160517]
	at org.eclipse.jetty.server.HttpChannel.sendResponse(HttpChannel.java:692) ~[org.eclipse.jetty.server_9.3.9.v20160517.jar:9.3.9.v20160517]
	at org.eclipse.jetty.server.HttpChannel.write(HttpChannel.java:746) ~[org.eclipse.jetty.server_9.3.9.v20160517.jar:9.3.9.v20160517]
	at org.eclipse.jetty.server.HttpOutput.write(HttpOutput.java:179) ~[org.eclipse.jetty.server_9.3.9.v20160517.jar:9.3.9.v20160517]
	at org.eclipse.jetty.server.HttpOutput.write(HttpOutput.java:163) ~[org.eclipse.jetty.server_9.3.9.v20160517.jar:9.3.9.v20160517]
	at org.eclipse.jetty.server.HttpOutput.write(HttpOutput.java:415) ~[org.eclipse.jetty.server_9.3.9.v20160517.jar:9.3.9.v20160517]
	at java.io.ByteArrayOutputStream.writeTo(ByteArrayOutputStream.java:167) ~[na:1.8.0_91]
	at org.eclipse.jetty.server.Utf8HttpWriter.write(Utf8HttpWriter.java:183) ~[org.eclipse.jetty.server_9.3.9.v20160517.jar:9.3.9.v20160517]
	at org.eclipse.jetty.server.ResponseWriter.write(ResponseWriter.java:203) ~[org.eclipse.jetty.server_9.3.9.v20160517.jar:9.3.9.v20160517]
	at java.io.PrintWriter.write(PrintWriter.java:426) ~[na:1.8.0_91]
	at org.eclipse.equinox.http.servlet.internal.servlet.HttpServletResponseWrapperImpl$InternalWriter.write(HttpServletResponseWrapperImpl.java:176) ~[na:na]
	at org.apache.jasper.runtime.JspWriterImpl.flushBuffer(JspWriterImpl.java:185) ~[na:na]
	at org.apache.jasper.runtime.JspWriterImpl.write(JspWriterImpl.java:458) ~[na:na]
	at org.apache.jasper.runtime.JspWriterImpl.write(JspWriterImpl.java:471) ~[na:na]
	at org.apache.jasper.runtime.JspWriterImpl.print(JspWriterImpl.java:596) ~[na:na]
	at org.apache.jsp.advanced.searchView_jsp._jspService(org.apache.jsp.advanced.searchView_jsp:477) ~[na:na]
	... 37 common frames omitted
Caused by: java.io.IOException: An existing connection was forcibly closed by the remote host
	at sun.nio.ch.SocketDispatcher.writev0(Native Method) ~[na:1.8.0_91]
	at sun.nio.ch.SocketDispatcher.writev(SocketDispatcher.java:55) ~[na:1.8.0_91]
	at sun.nio.ch.IOUtil.write(IOUtil.java:148) ~[na:1.8.0_91]
	at sun.nio.ch.SocketChannelImpl.write(SocketChannelImpl.java:504) ~[na:1.8.0_91]
	at org.eclipse.jetty.io.ChannelEndPoint.flush(ChannelEndPoint.java:177) ~[org.eclipse.jetty.io_9.3.9.v20160517.jar:9.3.9.v20160517]
	... 59 common frames omitted
2016-08-21 19:52:14,429 [qtp998500052-289] WARN  o.eclipse.jetty.server.HttpChannel - //127.0.0.1:57548/help/advanced/searchView.jsp?searchWord=shortcuts&maxHits=500
org.apache.jasper.JasperException: org.eclipse.jetty.io.RuntimeIOException: org.eclipse.jetty.io.EofException
	at org.apache.jasper.servlet.JspServletWrapper.service(JspServletWrapper.java:432) ~[na:na]
	at org.apache.jasper.servlet.JspServlet.serviceJspFile(JspServlet.java:492) ~[na:na]
	at org.apache.jasper.servlet.JspServlet.service(JspServlet.java:378) ~[na:na]
	at javax.servlet.http.HttpServlet.service(HttpServlet.java:790) ~[javax.servlet_3.1.0.v201410161800.jar:3.1.0]
	at org.eclipse.equinox.jsp.jasper.JspServlet.service(JspServlet.java:155) ~[na:na]
	at javax.servlet.http.HttpServlet.service(HttpServlet.java:790) ~[javax.servlet_3.1.0.v201410161800.jar:3.1.0]
	at org.eclipse.equinox.http.registry.internal.ServletManager$ServletWrapper.service(ServletManager.java:180) ~[na:na]
	at org.eclipse.equinox.http.servlet.internal.HttpServiceRuntimeImpl$LegacyServlet.service(HttpServiceRuntimeImpl.java:1221) ~[na:na]
	at org.eclipse.equinox.http.servlet.internal.registration.EndpointRegistration.service(EndpointRegistration.java:153) ~[na:na]
	at org.eclipse.equinox.http.servlet.internal.servlet.ResponseStateHandler.processRequest(ResponseStateHandler.java:62) ~[na:na]
	at org.eclipse.equinox.http.servlet.internal.context.DispatchTargets.doDispatch(DispatchTargets.java:132) ~[na:na]
	at org.eclipse.equinox.http.servlet.internal.servlet.ProxyServlet.service(ProxyServlet.java:100) ~[na:na]
	at javax.servlet.http.HttpServlet.service(HttpServlet.java:790) ~[javax.servlet_3.1.0.v201410161800.jar:3.1.0]
	at org.eclipse.equinox.http.jetty.internal.HttpServerManager$InternalHttpServiceServlet.service(HttpServerManager.java:310) ~[na:na]
	at org.eclipse.jetty.servlet.ServletHolder.handle(ServletHolder.java:845) ~[na:na]
	at org.eclipse.jetty.servlet.ServletHandler.doHandle(ServletHandler.java:583) ~[na:na]
	at org.eclipse.jetty.server.session.SessionHandler.doHandle(SessionHandler.java:224) ~[org.eclipse.jetty.server_9.3.9.v20160517.jar:9.3.9.v20160517]
	at org.eclipse.jetty.server.handler.ContextHandler.doHandle(ContextHandler.java:1174) ~[org.eclipse.jetty.server_9.3.9.v20160517.jar:9.3.9.v20160517]
	at org.eclipse.jetty.servlet.ServletHandler.doScope(ServletHandler.java:511) ~[na:na]
	at org.eclipse.jetty.server.session.SessionHandler.doScope(SessionHandler.java:185) ~[org.eclipse.jetty.server_9.3.9.v20160517.jar:9.3.9.v20160517]
	at org.eclipse.jetty.server.handler.ContextHandler.doScope(ContextHandler.java:1106) ~[org.eclipse.jetty.server_9.3.9.v20160517.jar:9.3.9.v20160517]
	at org.eclipse.jetty.server.handler.ScopedHandler.handle(ScopedHandler.java:141) ~[org.eclipse.jetty.server_9.3.9.v20160517.jar:9.3.9.v20160517]
	at org.eclipse.jetty.server.handler.HandlerWrapper.handle(HandlerWrapper.java:134) ~[org.eclipse.jetty.server_9.3.9.v20160517.jar:9.3.9.v20160517]
	at org.eclipse.jetty.server.Server.handle(Server.java:524) ~[org.eclipse.jetty.server_9.3.9.v20160517.jar:9.3.9.v20160517]
	at org.eclipse.jetty.server.HttpChannel.handle(HttpChannel.java:319) ~[org.eclipse.jetty.server_9.3.9.v20160517.jar:9.3.9.v20160517]
	at org.eclipse.jetty.server.HttpConnection.onFillable(HttpConnection.java:253) [org.eclipse.jetty.server_9.3.9.v20160517.jar:9.3.9.v20160517]
	at org.eclipse.jetty.io.AbstractConnection$ReadCallback.succeeded(AbstractConnection.java:273) [org.eclipse.jetty.io_9.3.9.v20160517.jar:9.3.9.v20160517]
	at org.eclipse.jetty.io.FillInterest.fillable(FillInterest.java:95) [org.eclipse.jetty.io_9.3.9.v20160517.jar:9.3.9.v20160517]
	at org.eclipse.jetty.io.SelectChannelEndPoint$2.run(SelectChannelEndPoint.java:93) [org.eclipse.jetty.io_9.3.9.v20160517.jar:9.3.9.v20160517]
	at org.eclipse.jetty.util.thread.strategy.ExecuteProduceConsume.executeProduceConsume(ExecuteProduceConsume.java:303) [org.eclipse.jetty.util_9.3.9.v20160517.jar:9.3.9.v20160517]
	at org.eclipse.jetty.util.thread.strategy.ExecuteProduceConsume.produceConsume(ExecuteProduceConsume.java:148) [org.eclipse.jetty.util_9.3.9.v20160517.jar:9.3.9.v20160517]
	at org.eclipse.jetty.util.thread.strategy.ExecuteProduceConsume.run(ExecuteProduceConsume.java:136) [org.eclipse.jetty.util_9.3.9.v20160517.jar:9.3.9.v20160517]
	at org.eclipse.jetty.util.thread.QueuedThreadPool.runJob(QueuedThreadPool.java:671) [org.eclipse.jetty.util_9.3.9.v20160517.jar:9.3.9.v20160517]
	at org.eclipse.jetty.util.thread.QueuedThreadPool$2.run(QueuedThreadPool.java:589) [org.eclipse.jetty.util_9.3.9.v20160517.jar:9.3.9.v20160517]
	at java.lang.Thread.run(Thread.java:745) [na:1.8.0_91]
Caused by: org.eclipse.jetty.io.RuntimeIOException: org.eclipse.jetty.io.EofException
	at org.eclipse.jetty.server.ResponseWriter.isOpen(ResponseWriter.java:133) ~[org.eclipse.jetty.server_9.3.9.v20160517.jar:9.3.9.v20160517]
	at org.eclipse.jetty.server.ResponseWriter.write(ResponseWriter.java:202) ~[org.eclipse.jetty.server_9.3.9.v20160517.jar:9.3.9.v20160517]
	at java.io.PrintWriter.write(PrintWriter.java:426) ~[na:1.8.0_91]
	at org.eclipse.equinox.http.servlet.internal.servlet.HttpServletResponseWrapperImpl$InternalWriter.write(HttpServletResponseWrapperImpl.java:176) ~[na:na]
	at org.apache.jasper.runtime.JspWriterImpl.flushBuffer(JspWriterImpl.java:185) ~[na:na]
	at org.apache.jasper.runtime.JspWriterImpl.write(JspWriterImpl.java:458) ~[na:na]
	at org.apache.jasper.runtime.JspWriterImpl.write(JspWriterImpl.java:471) ~[na:na]
	at org.apache.jsp.advanced.searchView_jsp._jspService(org.apache.jsp.advanced.searchView_jsp:453) ~[na:na]
	at org.apache.jasper.runtime.HttpJspBase.service(HttpJspBase.java:111) ~[na:na]
	at javax.servlet.http.HttpServlet.service(HttpServlet.java:790) ~[javax.servlet_3.1.0.v201410161800.jar:3.1.0]
	at org.apache.jasper.servlet.JspServletWrapper.service(JspServletWrapper.java:403) ~[na:na]
	... 34 common frames omitted
Caused by: org.eclipse.jetty.io.EofException: null
	at org.eclipse.jetty.io.ChannelEndPoint.flush(ChannelEndPoint.java:197) ~[org.eclipse.jetty.io_9.3.9.v20160517.jar:9.3.9.v20160517]
	at org.eclipse.jetty.io.WriteFlusher.flush(WriteFlusher.java:419) ~[org.eclipse.jetty.io_9.3.9.v20160517.jar:9.3.9.v20160517]
	at org.eclipse.jetty.io.WriteFlusher.write(WriteFlusher.java:313) ~[org.eclipse.jetty.io_9.3.9.v20160517.jar:9.3.9.v20160517]
	at org.eclipse.jetty.io.AbstractEndPoint.write(AbstractEndPoint.java:141) ~[org.eclipse.jetty.io_9.3.9.v20160517.jar:9.3.9.v20160517]
	at org.eclipse.jetty.server.HttpConnection$SendCallback.process(HttpConnection.java:733) ~[org.eclipse.jetty.server_9.3.9.v20160517.jar:9.3.9.v20160517]
	at org.eclipse.jetty.util.IteratingCallback.processing(IteratingCallback.java:241) ~[org.eclipse.jetty.util_9.3.9.v20160517.jar:9.3.9.v20160517]
	at org.eclipse.jetty.util.IteratingCallback.iterate(IteratingCallback.java:224) ~[org.eclipse.jetty.util_9.3.9.v20160517.jar:9.3.9.v20160517]
	at org.eclipse.jetty.server.HttpConnection.send(HttpConnection.java:521) [org.eclipse.jetty.server_9.3.9.v20160517.jar:9.3.9.v20160517]
	at org.eclipse.jetty.server.HttpChannel.sendResponse(HttpChannel.java:692) ~[org.eclipse.jetty.server_9.3.9.v20160517.jar:9.3.9.v20160517]
	at org.eclipse.jetty.server.HttpChannel.write(HttpChannel.java:746) ~[org.eclipse.jetty.server_9.3.9.v20160517.jar:9.3.9.v20160517]
	at org.eclipse.jetty.server.HttpOutput.write(HttpOutput.java:179) ~[org.eclipse.jetty.server_9.3.9.v20160517.jar:9.3.9.v20160517]
	at org.eclipse.jetty.server.HttpOutput.write(HttpOutput.java:163) ~[org.eclipse.jetty.server_9.3.9.v20160517.jar:9.3.9.v20160517]
	at org.eclipse.jetty.server.HttpOutput.write(HttpOutput.java:415) ~[org.eclipse.jetty.server_9.3.9.v20160517.jar:9.3.9.v20160517]
	at java.io.ByteArrayOutputStream.writeTo(ByteArrayOutputStream.java:167) ~[na:1.8.0_91]
	at org.eclipse.jetty.server.Utf8HttpWriter.write(Utf8HttpWriter.java:183) ~[org.eclipse.jetty.server_9.3.9.v20160517.jar:9.3.9.v20160517]
	at org.eclipse.jetty.server.ResponseWriter.write(ResponseWriter.java:203) ~[org.eclipse.jetty.server_9.3.9.v20160517.jar:9.3.9.v20160517]
	at java.io.PrintWriter.write(PrintWriter.java:426) ~[na:1.8.0_91]
	at org.eclipse.equinox.http.servlet.internal.servlet.HttpServletResponseWrapperImpl$InternalWriter.write(HttpServletResponseWrapperImpl.java:176) ~[na:na]
	at org.apache.jasper.runtime.JspWriterImpl.flushBuffer(JspWriterImpl.java:185) ~[na:na]
	at org.apache.jasper.runtime.JspWriterImpl.write(JspWriterImpl.java:458) ~[na:na]
	at org.apache.jasper.runtime.JspWriterImpl.write(JspWriterImpl.java:471) ~[na:na]
	at org.apache.jasper.runtime.JspWriterImpl.print(JspWriterImpl.java:596) ~[na:na]
	at org.apache.jsp.advanced.searchView_jsp._jspService(org.apache.jsp.advanced.searchView_jsp:477) ~[na:na]
	... 37 common frames omitted
Caused by: java.io.IOException: An existing connection was forcibly closed by the remote host
	at sun.nio.ch.SocketDispatcher.writev0(Native Method) ~[na:1.8.0_91]
	at sun.nio.ch.SocketDispatcher.writev(SocketDispatcher.java:55) ~[na:1.8.0_91]
	at sun.nio.ch.IOUtil.write(IOUtil.java:148) ~[na:1.8.0_91]
	at sun.nio.ch.SocketChannelImpl.write(SocketChannelImpl.java:504) ~[na:1.8.0_91]
	at org.eclipse.jetty.io.ChannelEndPoint.flush(ChannelEndPoint.java:177) ~[org.eclipse.jetty.io_9.3.9.v20160517.jar:9.3.9.v20160517]
	... 59 common frames omitted
2016-08-21 22:18:53,400 [Stop Help Server] INFO  o.e.jetty.server.AbstractConnector - Stopped ServerConnector@5ffa35e2{HTTP/1.1,[http/1.1]}{127.0.0.1:0}
2016-08-21 22:18:53,441 [Stop Help Server] INFO  o.e.j.server.handler.ContextHandler - Stopped o.e.j.s.ServletContextHandler@3928515{/help,null,UNAVAILABLE}
2016-08-23 17:31:39,883 [Worker-0] INFO  c.g.t.t.d.PublishedGradleVersions - Gradle version information cache is out-of-date. Trying to update.
2016-08-24 09:46:13,894 [Worker-2] INFO  c.g.t.t.d.PublishedGradleVersions - Gradle version information cache is up-to-date. Trying to read.
2016-08-24 14:01:43,538 [Worker-1] INFO  c.g.t.t.d.PublishedGradleVersions - Gradle version information cache is up-to-date. Trying to read.
2016-08-25 12:02:15,403 [Worker-0] INFO  c.g.t.t.d.PublishedGradleVersions - Gradle version information cache is out-of-date. Trying to update.
2016-08-25 16:39:26,549 [Worker-10] INFO  c.g.t.t.d.PublishedGradleVersions - Gradle version information cache is up-to-date. Trying to read.
2016-08-25 20:16:22,560 [Worker-0] INFO  c.g.t.t.d.PublishedGradleVersions - Gradle version information cache is up-to-date. Trying to read.
2016-08-25 20:18:37,157 [Worker-10] INFO  o.e.m.c.i.l.LifecycleMappingFactory - Using org.eclipse.m2e.jdt.JarLifecycleMapping lifecycle mapping for MavenProject: com.mycompany.app:my-app:1.0-SNAPSHOT @ C:\Users\CreativeBangla\maven-projects\my-app\pom.xml.
2016-08-25 20:18:37,384 [Worker-10] WARN  o.e.m.c.i.embedder.EclipseLogger - The POM for org.testng:testng:jar:6.9.12 is missing, no dependency information available
2016-08-25 20:18:38,788 [Worker-10] INFO  o.e.m.j.i.AbstractJavaProjectConfigurator - Adding source folder /my-app/src/main/java
2016-08-25 20:18:38,789 [Worker-10] INFO  o.e.m.j.i.AbstractJavaProjectConfigurator - Adding source folder /my-app/src/test/java
2016-08-25 20:18:38,994 [Worker-10] INFO  o.e.m.c.i.p.ProjectConfigurationManager - Imported and configured 1 project(s) in 3 sec
2016-08-25 20:18:39,642 [Worker-10] WARN  o.e.m.c.i.embedder.EclipseLogger - The POM for org.testng:testng:jar:6.9.12 is missing, no dependency information available
2016-08-25 20:18:39,735 [Worker-10] WARN  o.e.m.c.i.embedder.EclipseLogger - Using platform encoding (Cp1252 actually) to copy filtered resources, i.e. build is platform dependent!
2016-08-25 20:18:39,745 [Worker-10] INFO  o.e.m.c.i.embedder.EclipseLogger - skip non existing resourceDirectory C:\Users\CreativeBangla\maven-projects\my-app\src\main\resources
2016-08-25 20:18:39,747 [Worker-10] WARN  o.e.m.c.i.embedder.EclipseLogger - Using platform encoding (Cp1252 actually) to copy filtered resources, i.e. build is platform dependent!
2016-08-25 20:18:39,758 [Worker-10] INFO  o.e.m.c.i.embedder.EclipseLogger - skip non existing resourceDirectory C:\Users\CreativeBangla\maven-projects\my-app\src\test\resources
2016-08-25 20:29:35,996 [Worker-15] INFO  o.e.m.c.i.l.LifecycleMappingFactory - Using org.eclipse.m2e.jdt.JarLifecycleMapping lifecycle mapping for MavenProject: com.mycompany.app:my-app:1.0-SNAPSHOT @ C:\Users\CreativeBangla\maven-projects\my-app\pom.xml.
2016-08-25 20:29:36,144 [Worker-15] WARN  o.e.m.c.i.embedder.EclipseLogger - The POM for org.testng:testng:jar:6.9.12 is missing, no dependency information available
2016-08-25 20:29:36,445 [Worker-15] WARN  o.e.m.c.i.embedder.EclipseLogger - Using platform encoding (Cp1252 actually) to copy filtered resources, i.e. build is platform dependent!
2016-08-25 20:29:36,452 [Worker-15] INFO  o.e.m.c.i.embedder.EclipseLogger - skip non existing resourceDirectory C:\Users\CreativeBangla\maven-projects\my-app\src\main\resources
2016-08-25 20:29:36,455 [Worker-15] WARN  o.e.m.c.i.embedder.EclipseLogger - Using platform encoding (Cp1252 actually) to copy filtered resources, i.e. build is platform dependent!
2016-08-25 20:29:36,463 [Worker-15] INFO  o.e.m.c.i.embedder.EclipseLogger - skip non existing resourceDirectory C:\Users\CreativeBangla\maven-projects\my-app\src\test\resources
2016-08-25 20:32:15,696 [Worker-2] WARN  o.e.m.c.i.embedder.EclipseLogger - The POM for org.testng:testng:jar:6.9.12 is missing, no dependency information available
2016-08-25 20:38:15,879 [Worker-2] INFO  o.e.m.c.i.l.LifecycleMappingFactory - Using org.eclipse.m2e.jdt.JarLifecycleMapping lifecycle mapping for MavenProject: com.mycompany.app:my-app:1.0-SNAPSHOT @ C:\Users\CreativeBangla\maven-projects\my-app\pom.xml.
2016-08-25 20:38:16,258 [Worker-2] WARN  o.e.m.c.i.embedder.EclipseLogger - Using platform encoding (Cp1252 actually) to copy filtered resources, i.e. build is platform dependent!
2016-08-25 20:38:16,268 [Worker-2] INFO  o.e.m.c.i.embedder.EclipseLogger - skip non existing resourceDirectory C:\Users\CreativeBangla\maven-projects\my-app\src\main\resources
2016-08-25 20:38:16,271 [Worker-2] WARN  o.e.m.c.i.embedder.EclipseLogger - Using platform encoding (Cp1252 actually) to copy filtered resources, i.e. build is platform dependent!
2016-08-25 20:38:16,281 [Worker-2] INFO  o.e.m.c.i.embedder.EclipseLogger - skip non existing resourceDirectory C:\Users\CreativeBangla\maven-projects\my-app\src\test\resources
2016-08-25 20:38:24,458 [Worker-27] WARN  o.e.m.c.i.embedder.EclipseLogger - Using platform encoding (Cp1252 actually) to copy filtered resources, i.e. build is platform dependent!
2016-08-25 20:38:24,469 [Worker-27] INFO  o.e.m.c.i.embedder.EclipseLogger - skip non existing resourceDirectory C:\Users\CreativeBangla\maven-projects\my-app\src\main\resources
2016-08-25 20:38:24,471 [Worker-27] WARN  o.e.m.c.i.embedder.EclipseLogger - Using platform encoding (Cp1252 actually) to copy filtered resources, i.e. build is platform dependent!
2016-08-25 20:38:24,480 [Worker-27] INFO  o.e.m.c.i.embedder.EclipseLogger - skip non existing resourceDirectory C:\Users\CreativeBangla\maven-projects\my-app\src\test\resources
2016-08-25 20:39:11,129 [Worker-28] WARN  o.e.m.c.i.embedder.EclipseLogger - Using platform encoding (Cp1252 actually) to copy filtered resources, i.e. build is platform dependent!
2016-08-25 20:39:11,143 [Worker-28] INFO  o.e.m.c.i.embedder.EclipseLogger - skip non existing resourceDirectory C:\Users\CreativeBangla\maven-projects\my-app\src\main\resources
2016-08-25 20:39:11,145 [Worker-28] WARN  o.e.m.c.i.embedder.EclipseLogger - Using platform encoding (Cp1252 actually) to copy filtered resources, i.e. build is platform dependent!
2016-08-25 20:39:11,155 [Worker-28] INFO  o.e.m.c.i.embedder.EclipseLogger - skip non existing resourceDirectory C:\Users\CreativeBangla\maven-projects\my-app\src\test\resources
2016-08-25 20:45:33,955 [Worker-2] INFO  o.e.m.c.i.l.LifecycleMappingFactory - Using org.eclipse.m2e.jdt.JarLifecycleMapping lifecycle mapping for MavenProject: com.mycompany.app:my-app:1.0-SNAPSHOT @ C:\Users\CreativeBangla\maven-projects\my-app\pom.xml.
2016-08-25 20:45:34,329 [Worker-2] INFO  o.e.m.c.i.e.AbstractTransferListenerAdapter - Downloading https://repo.maven.apache.org/maven2/junit/junit/4.8.2/junit-4.8.2.pom
2016-08-25 20:45:34,367 [Worker-2] INFO  o.e.m.c.i.e.AbstractTransferListenerAdapter - Downloaded https://repo.maven.apache.org/maven2/junit/junit/4.8.2/junit-4.8.2.pom
2016-08-25 20:45:34,402 [Worker-2] INFO  o.e.m.c.i.e.AbstractTransferListenerAdapter - Downloading https://repo.maven.apache.org/maven2/junit/junit/4.8.2/junit-4.8.2.jar
2016-08-25 20:45:34,517 [Worker-2] INFO  o.e.m.c.i.e.AbstractTransferListenerAdapter - Downloaded https://repo.maven.apache.org/maven2/junit/junit/4.8.2/junit-4.8.2.jar
2016-08-25 20:45:35,294 [Worker-2] WARN  o.e.m.c.i.embedder.EclipseLogger - Using platform encoding (Cp1252 actually) to copy filtered resources, i.e. build is platform dependent!
2016-08-25 20:45:35,317 [Worker-2] INFO  o.e.m.c.i.embedder.EclipseLogger - skip non existing resourceDirectory C:\Users\CreativeBangla\maven-projects\my-app\src\main\resources
2016-08-25 20:45:35,319 [Worker-2] WARN  o.e.m.c.i.embedder.EclipseLogger - Using platform encoding (Cp1252 actually) to copy filtered resources, i.e. build is platform dependent!
2016-08-25 20:45:35,328 [Worker-2] INFO  o.e.m.c.i.embedder.EclipseLogger - skip non existing resourceDirectory C:\Users\CreativeBangla\maven-projects\my-app\src\test\resources
2016-08-25 20:45:50,521 [Worker-31] ERROR o.e.m.j.i.l.MavenLaunchConfigurationListener - Launch configuration App references non-existing project my-app.
org.eclipse.core.runtime.CoreException: Launch configuration App references non-existing project my-app.
	at org.eclipse.jdt.launching.JavaRuntime.abort(JavaRuntime.java:1408) ~[org.eclipse.jdt.launching_3.8.100.v20160505-0636.jar:na]
	at org.eclipse.jdt.launching.JavaRuntime.getJavaProject(JavaRuntime.java:1283) ~[org.eclipse.jdt.launching_3.8.100.v20160505-0636.jar:na]
	at org.eclipse.m2e.jdt.internal.launch.MavenLaunchConfigurationListener.updateLaunchConfiguration(MavenLaunchConfigurationListener.java:53) [org.eclipse.m2e.jdt_1.7.0.20160603-1933.jar:na]
	at org.eclipse.m2e.jdt.internal.launch.MavenLaunchConfigurationListener.launchConfigurationChanged(MavenLaunchConfigurationListener.java:38) [org.eclipse.m2e.jdt_1.7.0.20160603-1933.jar:na]
	at org.eclipse.debug.internal.core.LaunchManager$ConfigurationNotifier.run(LaunchManager.java:226) [org.eclipse.debug.core_3.10.100.v20160419-1720.jar:na]
	at org.eclipse.core.runtime.SafeRunner.run(SafeRunner.java:42) [org.eclipse.equinox.common_3.8.0.v20160509-1230.jar:na]
	at org.eclipse.debug.internal.core.LaunchManager$ConfigurationNotifier.notify(LaunchManager.java:207) [org.eclipse.debug.core_3.10.100.v20160419-1720.jar:na]
	at org.eclipse.debug.internal.core.LaunchConfigurationWorkingCopy.setDirty(LaunchConfigurationWorkingCopy.java:552) [org.eclipse.debug.core_3.10.100.v20160419-1720.jar:na]
	at org.eclipse.debug.internal.core.LaunchConfigurationWorkingCopy.setAttribute(LaunchConfigurationWorkingCopy.java:425) [org.eclipse.debug.core_3.10.100.v20160419-1720.jar:na]
	at org.eclipse.m2e.jdt.internal.launch.MavenRuntimeClasspathProvider.disable(MavenRuntimeClasspathProvider.java:309) [org.eclipse.m2e.jdt_1.7.0.20160603-1933.jar:na]
	at org.eclipse.m2e.jdt.internal.launch.MavenRuntimeClasspathProvider.disable(MavenRuntimeClasspathProvider.java:335) [org.eclipse.m2e.jdt_1.7.0.20160603-1933.jar:na]
	at org.eclipse.m2e.jdt.internal.launch.MavenLaunchConfigurationListener.mavenProjectChanged(MavenLaunchConfigurationListener.java:70) [org.eclipse.m2e.jdt_1.7.0.20160603-1933.jar:na]
	at org.eclipse.m2e.core.internal.project.registry.ProjectRegistryManager.notifyProjectChangeListeners(ProjectRegistryManager.java:783) [org.eclipse.m2e.core_1.7.0.20160603-1933.jar:na]
	at org.eclipse.m2e.core.internal.project.registry.ProjectRegistryManager.applyMutableProjectRegistry(ProjectRegistryManager.java:930) [org.eclipse.m2e.core_1.7.0.20160603-1933.jar:na]
	at org.eclipse.m2e.core.internal.project.registry.ProjectRegistryRefreshJob$1.call(ProjectRegistryRefreshJob.java:98) [org.eclipse.m2e.core_1.7.0.20160603-1933.jar:na]
	at org.eclipse.m2e.core.internal.project.registry.ProjectRegistryRefreshJob$1.call(ProjectRegistryRefreshJob.java:1) [org.eclipse.m2e.core_1.7.0.20160603-1933.jar:na]
	at org.eclipse.m2e.core.internal.embedder.MavenExecutionContext.executeBare(MavenExecutionContext.java:176) [org.eclipse.m2e.core_1.7.0.20160603-1933.jar:na]
	at org.eclipse.m2e.core.internal.embedder.MavenExecutionContext.execute(MavenExecutionContext.java:151) [org.eclipse.m2e.core_1.7.0.20160603-1933.jar:na]
	at org.eclipse.m2e.core.internal.embedder.MavenExecutionContext.execute(MavenExecutionContext.java:99) [org.eclipse.m2e.core_1.7.0.20160603-1933.jar:na]
	at org.eclipse.m2e.core.internal.embedder.MavenImpl.execute(MavenImpl.java:1355) [org.eclipse.m2e.core_1.7.0.20160603-1933.jar:na]
	at org.eclipse.m2e.core.internal.project.registry.ProjectRegistryRefreshJob.run(ProjectRegistryRefreshJob.java:81) [org.eclipse.m2e.core_1.7.0.20160603-1933.jar:na]
	at org.eclipse.core.internal.jobs.Worker.run(Worker.java:55) [org.eclipse.core.jobs_3.8.0.v20160509-0411.jar:na]
2016-08-25 20:45:50,541 [Worker-31] ERROR o.e.m.j.i.l.MavenLaunchConfigurationListener - Launch configuration App references non-existing project my-app.
org.eclipse.core.runtime.CoreException: Launch configuration App references non-existing project my-app.
	at org.eclipse.jdt.launching.JavaRuntime.abort(JavaRuntime.java:1408) ~[org.eclipse.jdt.launching_3.8.100.v20160505-0636.jar:na]
	at org.eclipse.jdt.launching.JavaRuntime.getJavaProject(JavaRuntime.java:1283) ~[org.eclipse.jdt.launching_3.8.100.v20160505-0636.jar:na]
	at org.eclipse.m2e.jdt.internal.launch.MavenLaunchConfigurationListener.updateLaunchConfiguration(MavenLaunchConfigurationListener.java:53) [org.eclipse.m2e.jdt_1.7.0.20160603-1933.jar:na]
	at org.eclipse.m2e.jdt.internal.launch.MavenLaunchConfigurationListener.launchConfigurationChanged(MavenLaunchConfigurationListener.java:38) [org.eclipse.m2e.jdt_1.7.0.20160603-1933.jar:na]
	at org.eclipse.debug.internal.core.LaunchManager$ConfigurationNotifier.run(LaunchManager.java:226) [org.eclipse.debug.core_3.10.100.v20160419-1720.jar:na]
	at org.eclipse.core.runtime.SafeRunner.run(SafeRunner.java:42) [org.eclipse.equinox.common_3.8.0.v20160509-1230.jar:na]
	at org.eclipse.debug.internal.core.LaunchManager$ConfigurationNotifier.notify(LaunchManager.java:207) [org.eclipse.debug.core_3.10.100.v20160419-1720.jar:na]
	at org.eclipse.debug.internal.core.LaunchConfigurationWorkingCopy.setDirty(LaunchConfigurationWorkingCopy.java:552) [org.eclipse.debug.core_3.10.100.v20160419-1720.jar:na]
	at org.eclipse.debug.internal.core.LaunchConfigurationWorkingCopy.setAttribute(LaunchConfigurationWorkingCopy.java:425) [org.eclipse.debug.core_3.10.100.v20160419-1720.jar:na]
	at org.eclipse.m2e.jdt.internal.launch.MavenRuntimeClasspathProvider.disable(MavenRuntimeClasspathProvider.java:310) [org.eclipse.m2e.jdt_1.7.0.20160603-1933.jar:na]
	at org.eclipse.m2e.jdt.internal.launch.MavenRuntimeClasspathProvider.disable(MavenRuntimeClasspathProvider.java:335) [org.eclipse.m2e.jdt_1.7.0.20160603-1933.jar:na]
	at org.eclipse.m2e.jdt.internal.launch.MavenLaunchConfigurationListener.mavenProjectChanged(MavenLaunchConfigurationListener.java:70) [org.eclipse.m2e.jdt_1.7.0.20160603-1933.jar:na]
	at org.eclipse.m2e.core.internal.project.registry.ProjectRegistryManager.notifyProjectChangeListeners(ProjectRegistryManager.java:783) [org.eclipse.m2e.core_1.7.0.20160603-1933.jar:na]
	at org.eclipse.m2e.core.internal.project.registry.ProjectRegistryManager.applyMutableProjectRegistry(ProjectRegistryManager.java:930) [org.eclipse.m2e.core_1.7.0.20160603-1933.jar:na]
	at org.eclipse.m2e.core.internal.project.registry.ProjectRegistryRefreshJob$1.call(ProjectRegistryRefreshJob.java:98) [org.eclipse.m2e.core_1.7.0.20160603-1933.jar:na]
	at org.eclipse.m2e.core.internal.project.registry.ProjectRegistryRefreshJob$1.call(ProjectRegistryRefreshJob.java:1) [org.eclipse.m2e.core_1.7.0.20160603-1933.jar:na]
	at org.eclipse.m2e.core.internal.embedder.MavenExecutionContext.executeBare(MavenExecutionContext.java:176) [org.eclipse.m2e.core_1.7.0.20160603-1933.jar:na]
	at org.eclipse.m2e.core.internal.embedder.MavenExecutionContext.execute(MavenExecutionContext.java:151) [org.eclipse.m2e.core_1.7.0.20160603-1933.jar:na]
	at org.eclipse.m2e.core.internal.embedder.MavenExecutionContext.execute(MavenExecutionContext.java:99) [org.eclipse.m2e.core_1.7.0.20160603-1933.jar:na]
	at org.eclipse.m2e.core.internal.embedder.MavenImpl.execute(MavenImpl.java:1355) [org.eclipse.m2e.core_1.7.0.20160603-1933.jar:na]
	at org.eclipse.m2e.core.internal.project.registry.ProjectRegistryRefreshJob.run(ProjectRegistryRefreshJob.java:81) [org.eclipse.m2e.core_1.7.0.20160603-1933.jar:na]
	at org.eclipse.core.internal.jobs.Worker.run(Worker.java:55) [org.eclipse.core.jobs_3.8.0.v20160509-0411.jar:na]
2016-08-25 20:45:50,570 [Worker-31] ERROR o.e.m.j.i.l.MavenLaunchConfigurationListener - Launch configuration App references non-existing project my-app.
org.eclipse.core.runtime.CoreException: Launch configuration App references non-existing project my-app.
	at org.eclipse.jdt.launching.JavaRuntime.abort(JavaRuntime.java:1408) ~[org.eclipse.jdt.launching_3.8.100.v20160505-0636.jar:na]
	at org.eclipse.jdt.launching.JavaRuntime.getJavaProject(JavaRuntime.java:1283) ~[org.eclipse.jdt.launching_3.8.100.v20160505-0636.jar:na]
	at org.eclipse.m2e.jdt.internal.launch.MavenLaunchConfigurationListener.updateLaunchConfiguration(MavenLaunchConfigurationListener.java:53) [org.eclipse.m2e.jdt_1.7.0.20160603-1933.jar:na]
	at org.eclipse.m2e.jdt.internal.launch.MavenLaunchConfigurationListener.launchConfigurationChanged(MavenLaunchConfigurationListener.java:38) [org.eclipse.m2e.jdt_1.7.0.20160603-1933.jar:na]
	at org.eclipse.debug.internal.core.LaunchManager$ConfigurationNotifier.run(LaunchManager.java:226) [org.eclipse.debug.core_3.10.100.v20160419-1720.jar:na]
	at org.eclipse.core.runtime.SafeRunner.run(SafeRunner.java:42) [org.eclipse.equinox.common_3.8.0.v20160509-1230.jar:na]
	at org.eclipse.debug.internal.core.LaunchManager$ConfigurationNotifier.notify(LaunchManager.java:207) [org.eclipse.debug.core_3.10.100.v20160419-1720.jar:na]
	at org.eclipse.debug.internal.core.LaunchManager.launchConfigurationChanged(LaunchManager.java:2161) [org.eclipse.debug.core_3.10.100.v20160419-1720.jar:na]
	at org.eclipse.debug.internal.core.LaunchConfigurationWorkingCopy.writeNewFile(LaunchConfigurationWorkingCopy.java:384) [org.eclipse.debug.core_3.10.100.v20160419-1720.jar:na]
	at org.eclipse.debug.internal.core.LaunchConfigurationWorkingCopy.doSave0(LaunchConfigurationWorkingCopy.java:250) [org.eclipse.debug.core_3.10.100.v20160419-1720.jar:na]
	at org.eclipse.debug.internal.core.LaunchConfigurationWorkingCopy.doSave(LaunchConfigurationWorkingCopy.java:220) [org.eclipse.debug.core_3.10.100.v20160419-1720.jar:na]
	at org.eclipse.debug.internal.core.LaunchConfigurationWorkingCopy.doSave(LaunchConfigurationWorkingCopy.java:173) [org.eclipse.debug.core_3.10.100.v20160419-1720.jar:na]
	at org.eclipse.m2e.jdt.internal.launch.MavenRuntimeClasspathProvider.disable(MavenRuntimeClasspathProvider.java:311) [org.eclipse.m2e.jdt_1.7.0.20160603-1933.jar:na]
	at org.eclipse.m2e.jdt.internal.launch.MavenRuntimeClasspathProvider.disable(MavenRuntimeClasspathProvider.java:335) [org.eclipse.m2e.jdt_1.7.0.20160603-1933.jar:na]
	at org.eclipse.m2e.jdt.internal.launch.MavenLaunchConfigurationListener.mavenProjectChanged(MavenLaunchConfigurationListener.java:70) [org.eclipse.m2e.jdt_1.7.0.20160603-1933.jar:na]
	at org.eclipse.m2e.core.internal.project.registry.ProjectRegistryManager.notifyProjectChangeListeners(ProjectRegistryManager.java:783) [org.eclipse.m2e.core_1.7.0.20160603-1933.jar:na]
	at org.eclipse.m2e.core.internal.project.registry.ProjectRegistryManager.applyMutableProjectRegistry(ProjectRegistryManager.java:930) [org.eclipse.m2e.core_1.7.0.20160603-1933.jar:na]
	at org.eclipse.m2e.core.internal.project.registry.ProjectRegistryRefreshJob$1.call(ProjectRegistryRefreshJob.java:98) [org.eclipse.m2e.core_1.7.0.20160603-1933.jar:na]
	at org.eclipse.m2e.core.internal.project.registry.ProjectRegistryRefreshJob$1.call(ProjectRegistryRefreshJob.java:1) [org.eclipse.m2e.core_1.7.0.20160603-1933.jar:na]
	at org.eclipse.m2e.core.internal.embedder.MavenExecutionContext.executeBare(MavenExecutionContext.java:176) [org.eclipse.m2e.core_1.7.0.20160603-1933.jar:na]
	at org.eclipse.m2e.core.internal.embedder.MavenExecutionContext.execute(MavenExecutionContext.java:151) [org.eclipse.m2e.core_1.7.0.20160603-1933.jar:na]
	at org.eclipse.m2e.core.internal.embedder.MavenExecutionContext.execute(MavenExecutionContext.java:99) [org.eclipse.m2e.core_1.7.0.20160603-1933.jar:na]
	at org.eclipse.m2e.core.internal.embedder.MavenImpl.execute(MavenImpl.java:1355) [org.eclipse.m2e.core_1.7.0.20160603-1933.jar:na]
	at org.eclipse.m2e.core.internal.project.registry.ProjectRegistryRefreshJob.run(ProjectRegistryRefreshJob.java:81) [org.eclipse.m2e.core_1.7.0.20160603-1933.jar:na]
	at org.eclipse.core.internal.jobs.Worker.run(Worker.java:55) [org.eclipse.core.jobs_3.8.0.v20160509-0411.jar:na]
2016-08-25 20:45:50,591 [Worker-31] ERROR o.e.m.j.i.l.MavenLaunchConfigurationListener - Launch configuration AppTest references non-existing project my-app.
org.eclipse.core.runtime.CoreException: Launch configuration AppTest references non-existing project my-app.
	at org.eclipse.jdt.launching.JavaRuntime.abort(JavaRuntime.java:1408) ~[org.eclipse.jdt.launching_3.8.100.v20160505-0636.jar:na]
	at org.eclipse.jdt.launching.JavaRuntime.getJavaProject(JavaRuntime.java:1283) ~[org.eclipse.jdt.launching_3.8.100.v20160505-0636.jar:na]
	at org.eclipse.m2e.jdt.internal.launch.MavenLaunchConfigurationListener.updateLaunchConfiguration(MavenLaunchConfigurationListener.java:53) [org.eclipse.m2e.jdt_1.7.0.20160603-1933.jar:na]
	at org.eclipse.m2e.jdt.internal.launch.MavenLaunchConfigurationListener.launchConfigurationChanged(MavenLaunchConfigurationListener.java:38) [org.eclipse.m2e.jdt_1.7.0.20160603-1933.jar:na]
	at org.eclipse.debug.internal.core.LaunchManager$ConfigurationNotifier.run(LaunchManager.java:226) [org.eclipse.debug.core_3.10.100.v20160419-1720.jar:na]
	at org.eclipse.core.runtime.SafeRunner.run(SafeRunner.java:42) [org.eclipse.equinox.common_3.8.0.v20160509-1230.jar:na]
	at org.eclipse.debug.internal.core.LaunchManager$ConfigurationNotifier.notify(LaunchManager.java:207) [org.eclipse.debug.core_3.10.100.v20160419-1720.jar:na]
	at org.eclipse.debug.internal.core.LaunchConfigurationWorkingCopy.setDirty(LaunchConfigurationWorkingCopy.java:552) [org.eclipse.debug.core_3.10.100.v20160419-1720.jar:na]
	at org.eclipse.debug.internal.core.LaunchConfigurationWorkingCopy.setAttribute(LaunchConfigurationWorkingCopy.java:425) [org.eclipse.debug.core_3.10.100.v20160419-1720.jar:na]
	at org.eclipse.m2e.jdt.internal.launch.MavenRuntimeClasspathProvider.disable(MavenRuntimeClasspathProvider.java:309) [org.eclipse.m2e.jdt_1.7.0.20160603-1933.jar:na]
	at org.eclipse.m2e.jdt.internal.launch.MavenRuntimeClasspathProvider.disable(MavenRuntimeClasspathProvider.java:335) [org.eclipse.m2e.jdt_1.7.0.20160603-1933.jar:na]
	at org.eclipse.m2e.jdt.internal.launch.MavenLaunchConfigurationListener.mavenProjectChanged(MavenLaunchConfigurationListener.java:70) [org.eclipse.m2e.jdt_1.7.0.20160603-1933.jar:na]
	at org.eclipse.m2e.core.internal.project.registry.ProjectRegistryManager.notifyProjectChangeListeners(ProjectRegistryManager.java:783) [org.eclipse.m2e.core_1.7.0.20160603-1933.jar:na]
	at org.eclipse.m2e.core.internal.project.registry.ProjectRegistryManager.applyMutableProjectRegistry(ProjectRegistryManager.java:930) [org.eclipse.m2e.core_1.7.0.20160603-1933.jar:na]
	at org.eclipse.m2e.core.internal.project.registry.ProjectRegistryRefreshJob$1.call(ProjectRegistryRefreshJob.java:98) [org.eclipse.m2e.core_1.7.0.20160603-1933.jar:na]
	at org.eclipse.m2e.core.internal.project.registry.ProjectRegistryRefreshJob$1.call(ProjectRegistryRefreshJob.java:1) [org.eclipse.m2e.core_1.7.0.20160603-1933.jar:na]
	at org.eclipse.m2e.core.internal.embedder.MavenExecutionContext.executeBare(MavenExecutionContext.java:176) [org.eclipse.m2e.core_1.7.0.20160603-1933.jar:na]
	at org.eclipse.m2e.core.internal.embedder.MavenExecutionContext.execute(MavenExecutionContext.java:151) [org.eclipse.m2e.core_1.7.0.20160603-1933.jar:na]
	at org.eclipse.m2e.core.internal.embedder.MavenExecutionContext.execute(MavenExecutionContext.java:99) [org.eclipse.m2e.core_1.7.0.20160603-1933.jar:na]
	at org.eclipse.m2e.core.internal.embedder.MavenImpl.execute(MavenImpl.java:1355) [org.eclipse.m2e.core_1.7.0.20160603-1933.jar:na]
	at org.eclipse.m2e.core.internal.project.registry.ProjectRegistryRefreshJob.run(ProjectRegistryRefreshJob.java:81) [org.eclipse.m2e.core_1.7.0.20160603-1933.jar:na]
	at org.eclipse.core.internal.jobs.Worker.run(Worker.java:55) [org.eclipse.core.jobs_3.8.0.v20160509-0411.jar:na]
2016-08-25 20:45:50,611 [Worker-31] ERROR o.e.m.j.i.l.MavenLaunchConfigurationListener - Launch configuration AppTest references non-existing project my-app.
org.eclipse.core.runtime.CoreException: Launch configuration AppTest references non-existing project my-app.
	at org.eclipse.jdt.launching.JavaRuntime.abort(JavaRuntime.java:1408) ~[org.eclipse.jdt.launching_3.8.100.v20160505-0636.jar:na]
	at org.eclipse.jdt.launching.JavaRuntime.getJavaProject(JavaRuntime.java:1283) ~[org.eclipse.jdt.launching_3.8.100.v20160505-0636.jar:na]
	at org.eclipse.m2e.jdt.internal.launch.MavenLaunchConfigurationListener.updateLaunchConfiguration(MavenLaunchConfigurationListener.java:53) [org.eclipse.m2e.jdt_1.7.0.20160603-1933.jar:na]
	at org.eclipse.m2e.jdt.internal.launch.MavenLaunchConfigurationListener.launchConfigurationChanged(MavenLaunchConfigurationListener.java:38) [org.eclipse.m2e.jdt_1.7.0.20160603-1933.jar:na]
	at org.eclipse.debug.internal.core.LaunchManager$ConfigurationNotifier.run(LaunchManager.java:226) [org.eclipse.debug.core_3.10.100.v20160419-1720.jar:na]
	at org.eclipse.core.runtime.SafeRunner.run(SafeRunner.java:42) [org.eclipse.equinox.common_3.8.0.v20160509-1230.jar:na]
	at org.eclipse.debug.internal.core.LaunchManager$ConfigurationNotifier.notify(LaunchManager.java:207) [org.eclipse.debug.core_3.10.100.v20160419-1720.jar:na]
	at org.eclipse.debug.internal.core.LaunchConfigurationWorkingCopy.setDirty(LaunchConfigurationWorkingCopy.java:552) [org.eclipse.debug.core_3.10.100.v20160419-1720.jar:na]
	at org.eclipse.debug.internal.core.LaunchConfigurationWorkingCopy.setAttribute(LaunchConfigurationWorkingCopy.java:425) [org.eclipse.debug.core_3.10.100.v20160419-1720.jar:na]
	at org.eclipse.m2e.jdt.internal.launch.MavenRuntimeClasspathProvider.disable(MavenRuntimeClasspathProvider.java:310) [org.eclipse.m2e.jdt_1.7.0.20160603-1933.jar:na]
	at org.eclipse.m2e.jdt.internal.launch.MavenRuntimeClasspathProvider.disable(MavenRuntimeClasspathProvider.java:335) [org.eclipse.m2e.jdt_1.7.0.20160603-1933.jar:na]
	at org.eclipse.m2e.jdt.internal.launch.MavenLaunchConfigurationListener.mavenProjectChanged(MavenLaunchConfigurationListener.java:70) [org.eclipse.m2e.jdt_1.7.0.20160603-1933.jar:na]
	at org.eclipse.m2e.core.internal.project.registry.ProjectRegistryManager.notifyProjectChangeListeners(ProjectRegistryManager.java:783) [org.eclipse.m2e.core_1.7.0.20160603-1933.jar:na]
	at org.eclipse.m2e.core.internal.project.registry.ProjectRegistryManager.applyMutableProjectRegistry(ProjectRegistryManager.java:930) [org.eclipse.m2e.core_1.7.0.20160603-1933.jar:na]
	at org.eclipse.m2e.core.internal.project.registry.ProjectRegistryRefreshJob$1.call(ProjectRegistryRefreshJob.java:98) [org.eclipse.m2e.core_1.7.0.20160603-1933.jar:na]
	at org.eclipse.m2e.core.internal.project.registry.ProjectRegistryRefreshJob$1.call(ProjectRegistryRefreshJob.java:1) [org.eclipse.m2e.core_1.7.0.20160603-1933.jar:na]
	at org.eclipse.m2e.core.internal.embedder.MavenExecutionContext.executeBare(MavenExecutionContext.java:176) [org.eclipse.m2e.core_1.7.0.20160603-1933.jar:na]
	at org.eclipse.m2e.core.internal.embedder.MavenExecutionContext.execute(MavenExecutionContext.java:151) [org.eclipse.m2e.core_1.7.0.20160603-1933.jar:na]
	at org.eclipse.m2e.core.internal.embedder.MavenExecutionContext.execute(MavenExecutionContext.java:99) [org.eclipse.m2e.core_1.7.0.20160603-1933.jar:na]
	at org.eclipse.m2e.core.internal.embedder.MavenImpl.execute(MavenImpl.java:1355) [org.eclipse.m2e.core_1.7.0.20160603-1933.jar:na]
	at org.eclipse.m2e.core.internal.project.registry.ProjectRegistryRefreshJob.run(ProjectRegistryRefreshJob.java:81) [org.eclipse.m2e.core_1.7.0.20160603-1933.jar:na]
	at org.eclipse.core.internal.jobs.Worker.run(Worker.java:55) [org.eclipse.core.jobs_3.8.0.v20160509-0411.jar:na]
2016-08-25 20:45:50,638 [Worker-31] ERROR o.e.m.j.i.l.MavenLaunchConfigurationListener - Launch configuration AppTest references non-existing project my-app.
org.eclipse.core.runtime.CoreException: Launch configuration AppTest references non-existing project my-app.
	at org.eclipse.jdt.launching.JavaRuntime.abort(JavaRuntime.java:1408) ~[org.eclipse.jdt.launching_3.8.100.v20160505-0636.jar:na]
	at org.eclipse.jdt.launching.JavaRuntime.getJavaProject(JavaRuntime.java:1283) ~[org.eclipse.jdt.launching_3.8.100.v20160505-0636.jar:na]
	at org.eclipse.m2e.jdt.internal.launch.MavenLaunchConfigurationListener.updateLaunchConfiguration(MavenLaunchConfigurationListener.java:53) [org.eclipse.m2e.jdt_1.7.0.20160603-1933.jar:na]
	at org.eclipse.m2e.jdt.internal.launch.MavenLaunchConfigurationListener.launchConfigurationChanged(MavenLaunchConfigurationListener.java:38) [org.eclipse.m2e.jdt_1.7.0.20160603-1933.jar:na]
	at org.eclipse.debug.internal.core.LaunchManager$ConfigurationNotifier.run(LaunchManager.java:226) [org.eclipse.debug.core_3.10.100.v20160419-1720.jar:na]
	at org.eclipse.core.runtime.SafeRunner.run(SafeRunner.java:42) [org.eclipse.equinox.common_3.8.0.v20160509-1230.jar:na]
	at org.eclipse.debug.internal.core.LaunchManager$ConfigurationNotifier.notify(LaunchManager.java:207) [org.eclipse.debug.core_3.10.100.v20160419-1720.jar:na]
	at org.eclipse.debug.internal.core.LaunchManager.launchConfigurationChanged(LaunchManager.java:2161) [org.eclipse.debug.core_3.10.100.v20160419-1720.jar:na]
	at org.eclipse.debug.internal.core.LaunchConfigurationWorkingCopy.writeNewFile(LaunchConfigurationWorkingCopy.java:384) [org.eclipse.debug.core_3.10.100.v20160419-1720.jar:na]
	at org.eclipse.debug.internal.core.LaunchConfigurationWorkingCopy.doSave0(LaunchConfigurationWorkingCopy.java:250) [org.eclipse.debug.core_3.10.100.v20160419-1720.jar:na]
	at org.eclipse.debug.internal.core.LaunchConfigurationWorkingCopy.doSave(LaunchConfigurationWorkingCopy.java:220) [org.eclipse.debug.core_3.10.100.v20160419-1720.jar:na]
	at org.eclipse.debug.internal.core.LaunchConfigurationWorkingCopy.doSave(LaunchConfigurationWorkingCopy.java:173) [org.eclipse.debug.core_3.10.100.v20160419-1720.jar:na]
	at org.eclipse.m2e.jdt.internal.launch.MavenRuntimeClasspathProvider.disable(MavenRuntimeClasspathProvider.java:311) [org.eclipse.m2e.jdt_1.7.0.20160603-1933.jar:na]
	at org.eclipse.m2e.jdt.internal.launch.MavenRuntimeClasspathProvider.disable(MavenRuntimeClasspathProvider.java:335) [org.eclipse.m2e.jdt_1.7.0.20160603-1933.jar:na]
	at org.eclipse.m2e.jdt.internal.launch.MavenLaunchConfigurationListener.mavenProjectChanged(MavenLaunchConfigurationListener.java:70) [org.eclipse.m2e.jdt_1.7.0.20160603-1933.jar:na]
	at org.eclipse.m2e.core.internal.project.registry.ProjectRegistryManager.notifyProjectChangeListeners(ProjectRegistryManager.java:783) [org.eclipse.m2e.core_1.7.0.20160603-1933.jar:na]
	at org.eclipse.m2e.core.internal.project.registry.ProjectRegistryManager.applyMutableProjectRegistry(ProjectRegistryManager.java:930) [org.eclipse.m2e.core_1.7.0.20160603-1933.jar:na]
	at org.eclipse.m2e.core.internal.project.registry.ProjectRegistryRefreshJob$1.call(ProjectRegistryRefreshJob.java:98) [org.eclipse.m2e.core_1.7.0.20160603-1933.jar:na]
	at org.eclipse.m2e.core.internal.project.registry.ProjectRegistryRefreshJob$1.call(ProjectRegistryRefreshJob.java:1) [org.eclipse.m2e.core_1.7.0.20160603-1933.jar:na]
	at org.eclipse.m2e.core.internal.embedder.MavenExecutionContext.executeBare(MavenExecutionContext.java:176) [org.eclipse.m2e.core_1.7.0.20160603-1933.jar:na]
	at org.eclipse.m2e.core.internal.embedder.MavenExecutionContext.execute(MavenExecutionContext.java:151) [org.eclipse.m2e.core_1.7.0.20160603-1933.jar:na]
	at org.eclipse.m2e.core.internal.embedder.MavenExecutionContext.execute(MavenExecutionContext.java:99) [org.eclipse.m2e.core_1.7.0.20160603-1933.jar:na]
	at org.eclipse.m2e.core.internal.embedder.MavenImpl.execute(MavenImpl.java:1355) [org.eclipse.m2e.core_1.7.0.20160603-1933.jar:na]
	at org.eclipse.m2e.core.internal.project.registry.ProjectRegistryRefreshJob.run(ProjectRegistryRefreshJob.java:81) [org.eclipse.m2e.core_1.7.0.20160603-1933.jar:na]
	at org.eclipse.core.internal.jobs.Worker.run(Worker.java:55) [org.eclipse.core.jobs_3.8.0.v20160509-0411.jar:na]
2016-08-25 20:46:50,065 [Worker-29] INFO  o.e.m.c.i.l.LifecycleMappingFactory - Using org.eclipse.m2e.jdt.JarLifecycleMapping lifecycle mapping for MavenProject: com.mycompany.app:my-app:1.0-SNAPSHOT @ C:\Users\CreativeBangla\maven-projects\my-app\pom.xml.
2016-08-25 20:46:50,316 [Worker-29] INFO  o.e.m.j.i.AbstractJavaProjectConfigurator - Adding source folder /my-app/src/main/java
2016-08-25 20:46:50,317 [Worker-29] INFO  o.e.m.j.i.AbstractJavaProjectConfigurator - Adding source folder /my-app/src/test/java
2016-08-25 20:46:50,364 [Worker-29] INFO  o.e.m.c.i.p.ProjectConfigurationManager - Imported and configured 1 project(s) in 0 sec
2016-08-25 20:46:50,711 [Worker-30] WARN  o.e.m.c.i.embedder.EclipseLogger - Using platform encoding (Cp1252 actually) to copy filtered resources, i.e. build is platform dependent!
2016-08-25 20:46:50,728 [Worker-30] INFO  o.e.m.c.i.embedder.EclipseLogger - skip non existing resourceDirectory C:\Users\CreativeBangla\maven-projects\my-app\src\main\resources
2016-08-25 20:46:50,731 [Worker-30] WARN  o.e.m.c.i.embedder.EclipseLogger - Using platform encoding (Cp1252 actually) to copy filtered resources, i.e. build is platform dependent!
2016-08-25 20:46:50,745 [Worker-30] INFO  o.e.m.c.i.embedder.EclipseLogger - skip non existing resourceDirectory C:\Users\CreativeBangla\maven-projects\my-app\src\test\resources
2016-08-25 20:54:15,794 [Worker-38] INFO  o.e.m.c.i.l.LifecycleMappingFactory - Using org.eclipse.m2e.jdt.JarLifecycleMapping lifecycle mapping for MavenProject: com.mycompany.app:my-app:1.0-SNAPSHOT @ C:\Users\CreativeBangla\maven-projects\my-app\pom.xml.
2016-08-25 20:54:16,181 [Worker-38] WARN  o.e.m.c.i.embedder.EclipseLogger - Using platform encoding (Cp1252 actually) to copy filtered resources, i.e. build is platform dependent!
2016-08-25 20:54:16,196 [Worker-38] INFO  o.e.m.c.i.embedder.EclipseLogger - skip non existing resourceDirectory C:\Users\CreativeBangla\maven-projects\my-app\src\main\resources
2016-08-25 20:54:16,199 [Worker-38] WARN  o.e.m.c.i.embedder.EclipseLogger - Using platform encoding (Cp1252 actually) to copy filtered resources, i.e. build is platform dependent!
2016-08-25 20:54:16,212 [Worker-38] INFO  o.e.m.c.i.embedder.EclipseLogger - skip non existing resourceDirectory C:\Users\CreativeBangla\maven-projects\my-app\src\test\resources
2016-08-25 20:54:16,550 [Worker-36] WARN  o.e.m.c.i.embedder.EclipseLogger - Using platform encoding (Cp1252 actually) to copy filtered resources, i.e. build is platform dependent!
2016-08-25 20:54:16,565 [Worker-36] INFO  o.e.m.c.i.embedder.EclipseLogger - skip non existing resourceDirectory C:\Users\CreativeBangla\maven-projects\my-app\src\main\resources
2016-08-25 20:54:16,567 [Worker-36] WARN  o.e.m.c.i.embedder.EclipseLogger - Using platform encoding (Cp1252 actually) to copy filtered resources, i.e. build is platform dependent!
2016-08-25 20:54:16,582 [Worker-36] INFO  o.e.m.c.i.embedder.EclipseLogger - skip non existing resourceDirectory C:\Users\CreativeBangla\maven-projects\my-app\src\test\resources
2016-08-25 20:54:43,538 [Worker-35] INFO  o.e.m.c.i.l.LifecycleMappingFactory - Using org.eclipse.m2e.jdt.JarLifecycleMapping lifecycle mapping for MavenProject: com.mycompany.app:my-app:1.0-SNAPSHOT @ C:\Users\CreativeBangla\maven-projects\my-app\pom.xml.
2016-08-25 20:54:43,658 [Worker-35] WARN  o.e.m.c.i.embedder.EclipseLogger - Using platform encoding (Cp1252 actually) to copy filtered resources, i.e. build is platform dependent!
2016-08-25 20:54:43,671 [Worker-35] INFO  o.e.m.c.i.embedder.EclipseLogger - skip non existing resourceDirectory C:\Users\CreativeBangla\maven-projects\my-app\src\main\resources
2016-08-25 20:54:43,673 [Worker-35] WARN  o.e.m.c.i.embedder.EclipseLogger - Using platform encoding (Cp1252 actually) to copy filtered resources, i.e. build is platform dependent!
2016-08-25 20:54:43,686 [Worker-35] INFO  o.e.m.c.i.embedder.EclipseLogger - skip non existing resourceDirectory C:\Users\CreativeBangla\maven-projects\my-app\src\test\resources
2016-08-25 20:54:43,908 [Worker-37] WARN  o.e.m.c.i.embedder.EclipseLogger - Using platform encoding (Cp1252 actually) to copy filtered resources, i.e. build is platform dependent!
2016-08-25 20:54:43,923 [Worker-37] INFO  o.e.m.c.i.embedder.EclipseLogger - skip non existing resourceDirectory C:\Users\CreativeBangla\maven-projects\my-app\src\main\resources
2016-08-25 20:54:43,925 [Worker-37] WARN  o.e.m.c.i.embedder.EclipseLogger - Using platform encoding (Cp1252 actually) to copy filtered resources, i.e. build is platform dependent!
2016-08-25 20:54:43,938 [Worker-37] INFO  o.e.m.c.i.embedder.EclipseLogger - skip non existing resourceDirectory C:\Users\CreativeBangla\maven-projects\my-app\src\test\resources
2016-08-25 20:55:10,473 [Worker-35] INFO  o.e.m.c.i.l.LifecycleMappingFactory - Using org.eclipse.m2e.jdt.JarLifecycleMapping lifecycle mapping for MavenProject: com.mycompany.app:my-app:1.0-SNAPSHOT @ C:\Users\CreativeBangla\maven-projects\my-app\pom.xml.
2016-08-25 20:55:10,683 [Worker-35] WARN  o.e.m.c.i.embedder.EclipseLogger - Using platform encoding (Cp1252 actually) to copy filtered resources, i.e. build is platform dependent!
2016-08-25 20:55:10,696 [Worker-35] INFO  o.e.m.c.i.embedder.EclipseLogger - skip non existing resourceDirectory C:\Users\CreativeBangla\maven-projects\my-app\src\main\resources
2016-08-25 20:55:10,698 [Worker-35] WARN  o.e.m.c.i.embedder.EclipseLogger - Using platform encoding (Cp1252 actually) to copy filtered resources, i.e. build is platform dependent!
2016-08-25 20:55:10,711 [Worker-35] INFO  o.e.m.c.i.embedder.EclipseLogger - skip non existing resourceDirectory C:\Users\CreativeBangla\maven-projects\my-app\src\test\resources
2016-08-25 20:55:10,913 [Worker-40] WARN  o.e.m.c.i.embedder.EclipseLogger - Using platform encoding (Cp1252 actually) to copy filtered resources, i.e. build is platform dependent!
2016-08-25 20:55:10,928 [Worker-40] INFO  o.e.m.c.i.embedder.EclipseLogger - skip non existing resourceDirectory C:\Users\CreativeBangla\maven-projects\my-app\src\main\resources
2016-08-25 20:55:10,930 [Worker-40] WARN  o.e.m.c.i.embedder.EclipseLogger - Using platform encoding (Cp1252 actually) to copy filtered resources, i.e. build is platform dependent!
2016-08-25 20:55:10,944 [Worker-40] INFO  o.e.m.c.i.embedder.EclipseLogger - skip non existing resourceDirectory C:\Users\CreativeBangla\maven-projects\my-app\src\test\resources
2016-08-25 20:57:20,305 [Worker-37] INFO  o.e.m.i.launch.MavenLaunchDelegate - C:\Users\CreativeBangla\maven-projects\my-app
2016-08-25 20:57:20,305 [Worker-37] INFO  o.e.m.i.launch.MavenLaunchDelegate -  mvn -B install
2016-08-25 20:57:26,377 [Worker-42] WARN  o.e.m.c.i.embedder.EclipseLogger - Using platform encoding (Cp1252 actually) to copy filtered resources, i.e. build is platform dependent!
2016-08-25 20:57:26,390 [Worker-42] INFO  o.e.m.c.i.embedder.EclipseLogger - skip non existing resourceDirectory C:\Users\CreativeBangla\maven-projects\my-app\src\main\resources
2016-08-25 20:57:26,392 [Worker-42] WARN  o.e.m.c.i.embedder.EclipseLogger - Using platform encoding (Cp1252 actually) to copy filtered resources, i.e. build is platform dependent!
2016-08-25 20:57:26,404 [Worker-42] INFO  o.e.m.c.i.embedder.EclipseLogger - skip non existing resourceDirectory C:\Users\CreativeBangla\maven-projects\my-app\src\test\resources
2016-08-25 20:57:34,672 [Worker-34] INFO  o.e.m.i.launch.MavenLaunchDelegate - C:\Users\CreativeBangla\maven-projects\my-app
2016-08-25 20:57:34,673 [Worker-34] INFO  o.e.m.i.launch.MavenLaunchDelegate -  mvn -B install
2016-08-25 20:57:38,414 [Worker-39] WARN  o.e.m.c.i.embedder.EclipseLogger - Using platform encoding (Cp1252 actually) to copy filtered resources, i.e. build is platform dependent!
2016-08-25 20:57:38,430 [Worker-39] INFO  o.e.m.c.i.embedder.EclipseLogger - skip non existing resourceDirectory C:\Users\CreativeBangla\maven-projects\my-app\src\main\resources
2016-08-25 20:57:38,432 [Worker-39] WARN  o.e.m.c.i.embedder.EclipseLogger - Using platform encoding (Cp1252 actually) to copy filtered resources, i.e. build is platform dependent!
2016-08-25 20:57:38,446 [Worker-39] INFO  o.e.m.c.i.embedder.EclipseLogger - skip non existing resourceDirectory C:\Users\CreativeBangla\maven-projects\my-app\src\test\resources
2016-08-25 20:57:52,601 [Worker-39] INFO  o.e.m.c.i.l.LifecycleMappingFactory - Using org.eclipse.m2e.jdt.JarLifecycleMapping lifecycle mapping for MavenProject: com.mycompany.app:my-app:1.0-SNAPSHOT @ C:\Users\CreativeBangla\maven-projects\my-app\pom.xml.
2016-08-25 20:57:52,783 [Worker-39] INFO  o.e.m.c.i.e.AbstractTransferListenerAdapter - Downloading https://repo.maven.apache.org/maven2/org/testng/testng/6.9.10/testng-6.9.10.pom
2016-08-25 20:57:52,815 [Worker-39] INFO  o.e.m.c.i.e.AbstractTransferListenerAdapter - Downloaded https://repo.maven.apache.org/maven2/org/testng/testng/6.9.10/testng-6.9.10.pom
2016-08-25 20:57:52,876 [Worker-39] INFO  o.e.m.c.i.e.AbstractTransferListenerAdapter - Downloading https://repo.maven.apache.org/maven2/org/testng/testng/6.9.10/testng-6.9.10.jar
2016-08-25 20:57:53,077 [Worker-39] INFO  o.e.m.c.i.e.AbstractTransferListenerAdapter - Downloaded https://repo.maven.apache.org/maven2/org/testng/testng/6.9.10/testng-6.9.10.jar
2016-08-25 20:57:53,621 [Worker-39] WARN  o.e.m.c.i.embedder.EclipseLogger - Using platform encoding (Cp1252 actually) to copy filtered resources, i.e. build is platform dependent!
2016-08-25 20:57:53,629 [Worker-39] INFO  o.e.m.c.i.embedder.EclipseLogger - skip non existing resourceDirectory C:\Users\CreativeBangla\maven-projects\my-app\src\main\resources
2016-08-25 20:57:53,632 [Worker-39] WARN  o.e.m.c.i.embedder.EclipseLogger - Using platform encoding (Cp1252 actually) to copy filtered resources, i.e. build is platform dependent!
2016-08-25 20:57:53,640 [Worker-39] INFO  o.e.m.c.i.embedder.EclipseLogger - skip non existing resourceDirectory C:\Users\CreativeBangla\maven-projects\my-app\src\test\resources
2016-08-25 20:57:53,873 [Worker-42] WARN  o.e.m.c.i.embedder.EclipseLogger - Using platform encoding (Cp1252 actually) to copy filtered resources, i.e. build is platform dependent!
2016-08-25 20:57:53,888 [Worker-42] INFO  o.e.m.c.i.embedder.EclipseLogger - skip non existing resourceDirectory C:\Users\CreativeBangla\maven-projects\my-app\src\main\resources
2016-08-25 20:57:53,889 [Worker-42] WARN  o.e.m.c.i.embedder.EclipseLogger - Using platform encoding (Cp1252 actually) to copy filtered resources, i.e. build is platform dependent!
2016-08-25 20:57:53,908 [Worker-42] INFO  o.e.m.c.i.embedder.EclipseLogger - skip non existing resourceDirectory C:\Users\CreativeBangla\maven-projects\my-app\src\test\resources
2016-08-26 00:47:48,727 [Worker-0] INFO  c.g.t.t.d.PublishedGradleVersions - Gradle version information cache is up-to-date. Trying to read.
2016-08-26 09:50:05,700 [Worker-0] INFO  c.g.t.t.d.PublishedGradleVersions - Gradle version information cache is up-to-date. Trying to read.
2016-08-26 14:35:04,441 [Worker-0] INFO  c.g.t.t.d.PublishedGradleVersions - Gradle version information cache is out-of-date. Trying to update.
2016-08-26 15:24:29,974 [Worker-1] INFO  c.g.t.t.d.PublishedGradleVersions - Gradle version information cache is up-to-date. Trying to read.
2016-08-26 15:24:55,699 [Worker-13] WARN  o.e.m.c.i.embedder.EclipseLogger - Using platform encoding (Cp1252 actually) to copy filtered resources, i.e. build is platform dependent!
2016-08-26 15:24:55,725 [Worker-13] INFO  o.e.m.c.i.embedder.EclipseLogger - skip non existing resourceDirectory C:\Users\CreativeBangla\maven-projects\my-app\src\main\resources
2016-08-26 15:24:55,729 [Worker-13] WARN  o.e.m.c.i.embedder.EclipseLogger - Using platform encoding (Cp1252 actually) to copy filtered resources, i.e. build is platform dependent!
2016-08-26 15:24:55,743 [Worker-13] INFO  o.e.m.c.i.embedder.EclipseLogger - skip non existing resourceDirectory C:\Users\CreativeBangla\maven-projects\my-app\src\test\resources
2016-08-26 16:25:08,709 [Worker-44] INFO  o.e.m.c.i.l.LifecycleMappingFactory - Using org.eclipse.m2e.jdt.JarLifecycleMapping lifecycle mapping for MavenProject: com.mycompany.app:my-app:1.0-SNAPSHOT @ C:\Users\CreativeBangla\maven-projects\my-app\pom.xml.
2016-08-26 16:25:09,405 [Worker-44] WARN  o.e.m.c.i.embedder.EclipseLogger - Using platform encoding (Cp1252 actually) to copy filtered resources, i.e. build is platform dependent!
2016-08-26 16:25:09,468 [Worker-44] INFO  o.e.m.c.i.embedder.EclipseLogger - skip non existing resourceDirectory C:\Users\CreativeBangla\maven-projects\my-app\src\main\resources
2016-08-26 16:25:09,471 [Worker-44] WARN  o.e.m.c.i.embedder.EclipseLogger - Using platform encoding (Cp1252 actually) to copy filtered resources, i.e. build is platform dependent!
2016-08-26 16:25:09,494 [Worker-44] INFO  o.e.m.c.i.embedder.EclipseLogger - skip non existing resourceDirectory C:\Users\CreativeBangla\maven-projects\my-app\src\test\resources
2016-08-26 16:25:09,934 [Worker-43] WARN  o.e.m.c.i.embedder.EclipseLogger - Using platform encoding (Cp1252 actually) to copy filtered resources, i.e. build is platform dependent!
2016-08-26 16:25:09,965 [Worker-43] INFO  o.e.m.c.i.embedder.EclipseLogger - skip non existing resourceDirectory C:\Users\CreativeBangla\maven-projects\my-app\src\main\resources
2016-08-26 16:25:09,968 [Worker-43] WARN  o.e.m.c.i.embedder.EclipseLogger - Using platform encoding (Cp1252 actually) to copy filtered resources, i.e. build is platform dependent!
2016-08-26 16:25:10,037 [Worker-43] INFO  o.e.m.c.i.embedder.EclipseLogger - skip non existing resourceDirectory C:\Users\CreativeBangla\maven-projects\my-app\src\test\resources
2016-08-26 16:25:49,914 [Worker-42] INFO  o.e.m.c.i.l.LifecycleMappingFactory - Using org.eclipse.m2e.jdt.JarLifecycleMapping lifecycle mapping for MavenProject: com.mycompany.app:my-app:1.0-SNAPSHOT @ C:\Users\CreativeBangla\maven-projects\my-app\pom.xml.
2016-08-26 16:25:50,363 [Worker-42] WARN  o.e.m.c.i.embedder.EclipseLogger - Using platform encoding (Cp1252 actually) to copy filtered resources, i.e. build is platform dependent!
2016-08-26 16:25:50,372 [Worker-42] INFO  o.e.m.c.i.embedder.EclipseLogger - skip non existing resourceDirectory C:\Users\CreativeBangla\maven-projects\my-app\src\main\resources
2016-08-26 16:25:50,375 [Worker-42] WARN  o.e.m.c.i.embedder.EclipseLogger - Using platform encoding (Cp1252 actually) to copy filtered resources, i.e. build is platform dependent!
2016-08-26 16:25:50,384 [Worker-42] INFO  o.e.m.c.i.embedder.EclipseLogger - skip non existing resourceDirectory C:\Users\CreativeBangla\maven-projects\my-app\src\test\resources
2016-08-26 16:25:50,737 [Worker-36] WARN  o.e.m.c.i.embedder.EclipseLogger - Using platform encoding (Cp1252 actually) to copy filtered resources, i.e. build is platform dependent!
2016-08-26 16:25:50,867 [Worker-36] INFO  o.e.m.c.i.embedder.EclipseLogger - skip non existing resourceDirectory C:\Users\CreativeBangla\maven-projects\my-app\src\main\resources
2016-08-26 16:25:50,869 [Worker-36] WARN  o.e.m.c.i.embedder.EclipseLogger - Using platform encoding (Cp1252 actually) to copy filtered resources, i.e. build is platform dependent!
2016-08-26 16:25:50,900 [Worker-36] INFO  o.e.m.c.i.embedder.EclipseLogger - skip non existing resourceDirectory C:\Users\CreativeBangla\maven-projects\my-app\src\test\resources
2016-08-26 16:26:09,501 [Worker-46] INFO  o.e.m.i.launch.MavenLaunchDelegate - C:\Users\CreativeBangla\maven-projects\my-app
2016-08-26 16:26:09,502 [Worker-46] INFO  o.e.m.i.launch.MavenLaunchDelegate -  mvn -B install
2016-08-26 16:26:22,216 [Worker-47] WARN  o.e.m.c.i.embedder.EclipseLogger - Using platform encoding (Cp1252 actually) to copy filtered resources, i.e. build is platform dependent!
2016-08-26 16:26:22,225 [Worker-47] INFO  o.e.m.c.i.embedder.EclipseLogger - skip non existing resourceDirectory C:\Users\CreativeBangla\maven-projects\my-app\src\main\resources
2016-08-26 16:26:22,226 [Worker-47] WARN  o.e.m.c.i.embedder.EclipseLogger - Using platform encoding (Cp1252 actually) to copy filtered resources, i.e. build is platform dependent!
2016-08-26 16:26:22,237 [Worker-47] INFO  o.e.m.c.i.embedder.EclipseLogger - skip non existing resourceDirectory C:\Users\CreativeBangla\maven-projects\my-app\src\test\resources
2016-08-26 16:26:43,268 [Worker-36] INFO  o.e.m.c.i.l.LifecycleMappingFactory - Using org.eclipse.m2e.jdt.JarLifecycleMapping lifecycle mapping for MavenProject: com.mycompany.app:my-app:1.0-SNAPSHOT @ C:\Users\CreativeBangla\maven-projects\my-app\pom.xml.
2016-08-26 16:26:43,496 [Worker-36] WARN  o.e.m.c.i.embedder.EclipseLogger - Using platform encoding (Cp1252 actually) to copy filtered resources, i.e. build is platform dependent!
2016-08-26 16:26:43,507 [Worker-36] INFO  o.e.m.c.i.embedder.EclipseLogger - skip non existing resourceDirectory C:\Users\CreativeBangla\maven-projects\my-app\src\main\resources
2016-08-26 16:26:43,511 [Worker-36] WARN  o.e.m.c.i.embedder.EclipseLogger - Using platform encoding (Cp1252 actually) to copy filtered resources, i.e. build is platform dependent!
2016-08-26 16:26:43,542 [Worker-36] INFO  o.e.m.c.i.embedder.EclipseLogger - skip non existing resourceDirectory C:\Users\CreativeBangla\maven-projects\my-app\src\test\resources
2016-08-26 16:26:43,838 [Worker-36] WARN  o.e.m.c.i.embedder.EclipseLogger - Using platform encoding (Cp1252 actually) to copy filtered resources, i.e. build is platform dependent!
2016-08-26 16:26:43,853 [Worker-36] INFO  o.e.m.c.i.embedder.EclipseLogger - skip non existing resourceDirectory C:\Users\CreativeBangla\maven-projects\my-app\src\main\resources
2016-08-26 16:26:43,855 [Worker-36] WARN  o.e.m.c.i.embedder.EclipseLogger - Using platform encoding (Cp1252 actually) to copy filtered resources, i.e. build is platform dependent!
2016-08-26 16:26:43,875 [Worker-36] INFO  o.e.m.c.i.embedder.EclipseLogger - skip non existing resourceDirectory C:\Users\CreativeBangla\maven-projects\my-app\src\test\resources
2016-08-26 16:27:05,212 [Worker-46] INFO  o.e.m.c.i.l.LifecycleMappingFactory - Using org.eclipse.m2e.jdt.JarLifecycleMapping lifecycle mapping for MavenProject: com.mycompany.app:my-app:1.0-SNAPSHOT @ C:\Users\CreativeBangla\maven-projects\my-app\pom.xml.
2016-08-26 16:27:05,522 [Worker-46] WARN  o.e.m.c.i.embedder.EclipseLogger - Using platform encoding (Cp1252 actually) to copy filtered resources, i.e. build is platform dependent!
2016-08-26 16:27:05,532 [Worker-46] INFO  o.e.m.c.i.embedder.EclipseLogger - skip non existing resourceDirectory C:\Users\CreativeBangla\maven-projects\my-app\src\main\resources
2016-08-26 16:27:05,534 [Worker-46] WARN  o.e.m.c.i.embedder.EclipseLogger - Using platform encoding (Cp1252 actually) to copy filtered resources, i.e. build is platform dependent!
2016-08-26 16:27:05,543 [Worker-46] INFO  o.e.m.c.i.embedder.EclipseLogger - skip non existing resourceDirectory C:\Users\CreativeBangla\maven-projects\my-app\src\test\resources
2016-08-26 16:27:05,933 [Worker-44] WARN  o.e.m.c.i.embedder.EclipseLogger - Using platform encoding (Cp1252 actually) to copy filtered resources, i.e. build is platform dependent!
2016-08-26 16:27:06,000 [Worker-44] INFO  o.e.m.c.i.embedder.EclipseLogger - skip non existing resourceDirectory C:\Users\CreativeBangla\maven-projects\my-app\src\main\resources
2016-08-26 16:27:06,010 [Worker-44] WARN  o.e.m.c.i.embedder.EclipseLogger - Using platform encoding (Cp1252 actually) to copy filtered resources, i.e. build is platform dependent!
2016-08-26 16:27:06,035 [Worker-44] INFO  o.e.m.c.i.embedder.EclipseLogger - skip non existing resourceDirectory C:\Users\CreativeBangla\maven-projects\my-app\src\test\resources
